ARM GAS  C:\Users\lundc\AppData\Local\Temp\ccvlrCYJ.s 			page 1


   1              		.syntax unified
   2              		.cpu cortex-m3
   3              		.fpu softvfp
   4              		.eabi_attribute 20, 1
   5              		.eabi_attribute 21, 1
   6              		.eabi_attribute 23, 3
   7              		.eabi_attribute 24, 1
   8              		.eabi_attribute 25, 1
   9              		.eabi_attribute 26, 1
  10              		.eabi_attribute 30, 1
  11              		.eabi_attribute 34, 1
  12              		.eabi_attribute 18, 4
  13              		.thumb
  14              		.syntax unified
  15              		.file	"main.c"
  16              		.text
  17              	.Ltext0:
  18              		.cfi_sections	.debug_frame
  19              		.section	.text.ISR_UART_rx_handler,"ax",%progbits
  20              		.align	2
  21              		.global	ISR_UART_rx_handler
  22              		.thumb
  23              		.thumb_func
  24              		.type	ISR_UART_rx_handler, %function
  25              	ISR_UART_rx_handler:
  26              	.LFB65:
  27              		.file 1 "main.c"
   1:main.c        **** // Headers and libraries
   2:main.c        **** #include "project.h"
   3:main.c        **** #include "ssd1306.h"
   4:main.c        **** #include <stdio.h>
   5:main.c        **** 
   6:main.c        **** // Prototypes and global variables
   7:main.c        **** CY_ISR_PROTO(ISR_UART_rx_handler);
   8:main.c        **** void handleByteReceived(uint8_t byteReceived);
   9:main.c        **** void initProject();
  10:main.c        **** void printTerminal(float);
  11:main.c        **** void printOLED(float);
  12:main.c        **** void clearTerminal(void);
  13:main.c        **** void startMessage(void);
  14:main.c        **** float convertV2F(void);
  15:main.c        **** const int addressOLED = 0x3C;  //SSD1306 address: 0011 1100
  16:main.c        **** 
  17:main.c        **** int main(void)
  18:main.c        **** {
  19:main.c        ****     initProject();
  20:main.c        **** 
  21:main.c        ****     while(1)
  22:main.c        ****     {
  23:main.c        ****         printTerminal(convertV2F());
  24:main.c        ****         CyDelay(500);
  25:main.c        ****         printOLED(convertV2F());
  26:main.c        ****         CyDelay(500);
  27:main.c        ****     }
  28:main.c        **** }
  29:main.c        **** 
  30:main.c        **** CY_ISR(ISR_UART_rx_handler)
ARM GAS  C:\Users\lundc\AppData\Local\Temp\ccvlrCYJ.s 			page 2


  31:main.c        **** {
  28              		.loc 1 31 0
  29              		.cfi_startproc
  30              		@ args = 0, pretend = 0, frame = 0
  31              		@ frame_needed = 0, uses_anonymous_args = 0
  32 0000 10B5     		push	{r4, lr}
  33              		.cfi_def_cfa_offset 8
  34              		.cfi_offset 4, -8
  35              		.cfi_offset 14, -4
  32:main.c        ****     uint8_t bytesToRead = UART_1_GetRxBufferSize();
  36              		.loc 1 32 0
  37 0002 FFF7FEFF 		bl	UART_1_GetRxBufferSize
  38              	.LVL0:
  39 0006 0446     		mov	r4, r0
  40              	.LVL1:
  33:main.c        ****     while (bytesToRead > 0)
  41              		.loc 1 33 0
  42 0008 05E0     		b	.L2
  43              	.L3:
  44              	.LBB2:
  34:main.c        ****     {
  35:main.c        ****         uint8_t byteReceived = UART_1_ReadRxData();
  45              		.loc 1 35 0
  46 000a FFF7FEFF 		bl	UART_1_ReadRxData
  47              	.LVL2:
  36:main.c        ****         UART_1_WriteTxData(byteReceived);
  48              		.loc 1 36 0
  49 000e FFF7FEFF 		bl	UART_1_WriteTxData
  50              	.LVL3:
  37:main.c        ****         handleByteReceived(byteReceived);
  38:main.c        ****         bytesToRead--;
  51              		.loc 1 38 0
  52 0012 013C     		subs	r4, r4, #1
  53              	.LVL4:
  54 0014 E4B2     		uxtb	r4, r4
  55              	.LVL5:
  56              	.L2:
  57              	.LBE2:
  33:main.c        ****     {
  58              		.loc 1 33 0
  59 0016 002C     		cmp	r4, #0
  60 0018 F7D1     		bne	.L3
  39:main.c        ****     }
  40:main.c        **** }
  61              		.loc 1 40 0
  62 001a 10BD     		pop	{r4, pc}
  63              		.cfi_endproc
  64              	.LFE65:
  65              		.size	ISR_UART_rx_handler, .-ISR_UART_rx_handler
  66              		.section	.text.handleByteReceived,"ax",%progbits
  67              		.align	2
  68              		.global	handleByteReceived
  69              		.thumb
  70              		.thumb_func
  71              		.type	handleByteReceived, %function
  72              	handleByteReceived:
  73              	.LFB66:
ARM GAS  C:\Users\lundc\AppData\Local\Temp\ccvlrCYJ.s 			page 3


  41:main.c        **** 
  42:main.c        **** void handleByteReceived(uint8_t byteReceived)
  43:main.c        **** {
  74              		.loc 1 43 0
  75              		.cfi_startproc
  76              		@ args = 0, pretend = 0, frame = 0
  77              		@ frame_needed = 0, uses_anonymous_args = 0
  78              		@ link register save eliminated.
  79              	.LVL6:
  80 0000 7047     		bx	lr
  81              		.cfi_endproc
  82              	.LFE66:
  83              		.size	handleByteReceived, .-handleByteReceived
  84 0002 00BF     		.section	.text.initProject,"ax",%progbits
  85              		.align	2
  86              		.global	initProject
  87              		.thumb
  88              		.thumb_func
  89              		.type	initProject, %function
  90              	initProject:
  91              	.LFB67:
  44:main.c        ****     switch(byteReceived)
  45:main.c        ****     {
  46:main.c        ****         case '1' :
  47:main.c        ****         {
  48:main.c        ****         }
  49:main.c        ****         break;
  50:main.c        ****         case '2' :
  51:main.c        ****         {
  52:main.c        ****         }
  53:main.c        ****         break;
  54:main.c        ****         default:
  55:main.c        ****         break;
  56:main.c        ****     }
  57:main.c        **** }
  58:main.c        **** 
  59:main.c        **** void initProject()
  60:main.c        **** {
  92              		.loc 1 60 0
  93              		.cfi_startproc
  94              		@ args = 0, pretend = 0, frame = 0
  95              		@ frame_needed = 0, uses_anonymous_args = 0
  96              		.loc 1 60 0
  97 0000 08B5     		push	{r3, lr}
  98              		.cfi_def_cfa_offset 8
  99              		.cfi_offset 3, -8
 100              		.cfi_offset 14, -4
  61:main.c        ****     CyGlobalIntEnable; // Enable global interrupt
 101              		.loc 1 61 0
 102              		.syntax unified
 103              	@ 61 "main.c" 1
 104 0002 62B6     		CPSIE   i
 105              	@ 0 "" 2
  62:main.c        ****     isr_uart_rx_StartEx(ISR_UART_rx_handler); // Start UART interrupt
 106              		.loc 1 62 0
 107              		.thumb
 108              		.syntax unified
ARM GAS  C:\Users\lundc\AppData\Local\Temp\ccvlrCYJ.s 			page 4


 109 0004 0748     		ldr	r0, .L8
 110 0006 FFF7FEFF 		bl	isr_uart_rx_StartEx
 111              	.LVL7:
  63:main.c        ****     UART_1_Start(); // Start UART setup
 112              		.loc 1 63 0
 113 000a FFF7FEFF 		bl	UART_1_Start
 114              	.LVL8:
  64:main.c        ****     ADC_SAR_1_Start(); // Start ADC setup
 115              		.loc 1 64 0
 116 000e FFF7FEFF 		bl	ADC_SAR_1_Start
 117              	.LVL9:
  65:main.c        ****     ADC_SAR_1_StartConvert(); // Start ADC conversion (free running mode)
 118              		.loc 1 65 0
 119 0012 FFF7FEFF 		bl	ADC_SAR_1_StartConvert
 120              	.LVL10:
  66:main.c        ****     I2COLED_Start();
 121              		.loc 1 66 0
 122 0016 FFF7FEFF 		bl	I2COLED_Start
 123              	.LVL11:
  67:main.c        ****     display_init(addressOLED);
 124              		.loc 1 67 0
 125 001a 3C20     		movs	r0, #60
 126 001c FFF7FEFF 		bl	display_init
 127              	.LVL12:
 128 0020 08BD     		pop	{r3, pc}
 129              	.L9:
 130 0022 00BF     		.align	2
 131              	.L8:
 132 0024 00000000 		.word	ISR_UART_rx_handler
 133              		.cfi_endproc
 134              	.LFE67:
 135              		.size	initProject, .-initProject
 136              		.section	.text.convertV2F,"ax",%progbits
 137              		.align	2
 138              		.global	convertV2F
 139              		.thumb
 140              		.thumb_func
 141              		.type	convertV2F, %function
 142              	convertV2F:
 143              	.LFB68:
  68:main.c        **** }
  69:main.c        **** 
  70:main.c        **** float convertV2F(void)
  71:main.c        **** {
 144              		.loc 1 71 0
 145              		.cfi_startproc
 146              		@ args = 0, pretend = 0, frame = 0
 147              		@ frame_needed = 0, uses_anonymous_args = 0
 148 0000 08B5     		push	{r3, lr}
 149              		.cfi_def_cfa_offset 8
 150              		.cfi_offset 3, -8
 151              		.cfi_offset 14, -4
  72:main.c        ****     if (ADC_SAR_1_IsEndConversion(ADC_SAR_1_WAIT_FOR_RESULT))
 152              		.loc 1 72 0
 153 0002 0020     		movs	r0, #0
 154 0004 FFF7FEFF 		bl	ADC_SAR_1_IsEndConversion
 155              	.LVL13:
ARM GAS  C:\Users\lundc\AppData\Local\Temp\ccvlrCYJ.s 			page 5


 156 0008 20B1     		cbz	r0, .L12
 157              	.LBB3:
  73:main.c        ****     {
  74:main.c        ****         // Returns 16-bit value of 12-bit resolution in 2's complement
  75:main.c        ****         uint16_t result = ADC_SAR_1_GetResult16();
 158              		.loc 1 75 0
 159 000a FFF7FEFF 		bl	ADC_SAR_1_GetResult16
 160              	.LVL14:
  76:main.c        ****         // result = 0x 0000SXXX XXXXXXXX (WHERE IS MSB?)
  77:main.c        ****         // if result is positive
  78:main.c        ****         // ~result += 1;
  79:main.c        ****         // now to float to get grams ??
  80:main.c        ****         return 1; // Return value
 161              		.loc 1 80 0
 162 000e 4FF07E50 		mov	r0, #1065353216
 163 0012 08BD     		pop	{r3, pc}
 164              	.L12:
 165              	.LBE3:
  81:main.c        ****     }
  82:main.c        ****     else return 404; // Return error value if conversion N/A
 166              		.loc 1 82 0
 167 0014 0048     		ldr	r0, .L14
  83:main.c        **** }
 168              		.loc 1 83 0
 169 0016 08BD     		pop	{r3, pc}
 170              	.L15:
 171              		.align	2
 172              	.L14:
 173 0018 0000CA43 		.word	1137311744
 174              		.cfi_endproc
 175              	.LFE68:
 176              		.size	convertV2F, .-convertV2F
 177              		.global	__aeabi_f2d
 178              		.section	.text.printTerminal,"ax",%progbits
 179              		.align	2
 180              		.global	printTerminal
 181              		.thumb
 182              		.thumb_func
 183              		.type	printTerminal, %function
 184              	printTerminal:
 185              	.LFB69:
  84:main.c        **** 
  85:main.c        **** void printTerminal(float res32)
  86:main.c        **** {
 186              		.loc 1 86 0
 187              		.cfi_startproc
 188              		@ args = 0, pretend = 0, frame = 256
 189              		@ frame_needed = 0, uses_anonymous_args = 0
 190              	.LVL15:
 191 0000 00B5     		push	{lr}
 192              		.cfi_def_cfa_offset 4
 193              		.cfi_offset 14, -4
 194 0002 C3B0     		sub	sp, sp, #268
 195              		.cfi_def_cfa_offset 272
  87:main.c        ****     char uartBuffer[256];
  88:main.c        ****     snprintf(uartBuffer, sizeof(uartBuffer), "ADC result: %.1f \r\n", res32);
 196              		.loc 1 88 0
ARM GAS  C:\Users\lundc\AppData\Local\Temp\ccvlrCYJ.s 			page 6


 197 0004 FFF7FEFF 		bl	__aeabi_f2d
 198              	.LVL16:
 199 0008 CDE90001 		strd	r0, [sp]
 200 000c 054A     		ldr	r2, .L18
 201 000e 4FF48071 		mov	r1, #256
 202 0012 02A8     		add	r0, sp, #8
 203 0014 FFF7FEFF 		bl	snprintf
 204              	.LVL17:
  89:main.c        ****     UART_1_PutString(uartBuffer);
 205              		.loc 1 89 0
 206 0018 02A8     		add	r0, sp, #8
 207 001a FFF7FEFF 		bl	UART_1_PutString
 208              	.LVL18:
  90:main.c        **** }
 209              		.loc 1 90 0
 210 001e 43B0     		add	sp, sp, #268
 211              		.cfi_def_cfa_offset 4
 212              		@ sp needed
 213 0020 5DF804FB 		ldr	pc, [sp], #4
 214              	.L19:
 215              		.align	2
 216              	.L18:
 217 0024 00000000 		.word	.LC0
 218              		.cfi_endproc
 219              	.LFE69:
 220              		.size	printTerminal, .-printTerminal
 221              		.section	.text.printOLED,"ax",%progbits
 222              		.align	2
 223              		.global	printOLED
 224              		.thumb
 225              		.thumb_func
 226              		.type	printOLED, %function
 227              	printOLED:
 228              	.LFB70:
  91:main.c        **** 
  92:main.c        **** void printOLED(float res32)
  93:main.c        **** {
 229              		.loc 1 93 0
 230              		.cfi_startproc
 231              		@ args = 0, pretend = 0, frame = 256
 232              		@ frame_needed = 0, uses_anonymous_args = 0
 233              	.LVL19:
 234 0000 30B5     		push	{r4, r5, lr}
 235              		.cfi_def_cfa_offset 12
 236              		.cfi_offset 4, -12
 237              		.cfi_offset 5, -8
 238              		.cfi_offset 14, -4
 239 0002 C3B0     		sub	sp, sp, #268
 240              		.cfi_def_cfa_offset 280
 241 0004 0546     		mov	r5, r0
  94:main.c        ****     // Prep OLED
  95:main.c        ****     display_clear();
 242              		.loc 1 95 0
 243 0006 FFF7FEFF 		bl	display_clear
 244              	.LVL20:
  96:main.c        ****     display_update();
 245              		.loc 1 96 0
ARM GAS  C:\Users\lundc\AppData\Local\Temp\ccvlrCYJ.s 			page 7


 246 000a FFF7FEFF 		bl	display_update
 247              	.LVL21:
  97:main.c        ****     gfx_setTextSize(1);
 248              		.loc 1 97 0
 249 000e 0120     		movs	r0, #1
 250 0010 FFF7FEFF 		bl	gfx_setTextSize
 251              	.LVL22:
  98:main.c        ****     gfx_setTextColor(WHITE);
 252              		.loc 1 98 0
 253 0014 0120     		movs	r0, #1
 254 0016 FFF7FEFF 		bl	gfx_setTextColor
 255              	.LVL23:
  99:main.c        ****     gfx_setCursor(5,0);
 256              		.loc 1 99 0
 257 001a 0021     		movs	r1, #0
 258 001c 0520     		movs	r0, #5
 259 001e FFF7FEFF 		bl	gfx_setCursor
 260              	.LVL24:
 100:main.c        ****     gfx_print("Digital Weight");
 261              		.loc 1 100 0
 262 0022 1748     		ldr	r0, .L22
 263 0024 FFF7FEFF 		bl	gfx_print
 264              	.LVL25:
 101:main.c        ****     gfx_setCursor(5,10);
 265              		.loc 1 101 0
 266 0028 0A21     		movs	r1, #10
 267 002a 0520     		movs	r0, #5
 268 002c FFF7FEFF 		bl	gfx_setCursor
 269              	.LVL26:
 102:main.c        ****     gfx_print("-------------------");
 270              		.loc 1 102 0
 271 0030 144C     		ldr	r4, .L22+4
 272 0032 2046     		mov	r0, r4
 273 0034 FFF7FEFF 		bl	gfx_print
 274              	.LVL27:
 103:main.c        ****     gfx_setCursor(5,50);
 275              		.loc 1 103 0
 276 0038 3221     		movs	r1, #50
 277 003a 0520     		movs	r0, #5
 278 003c FFF7FEFF 		bl	gfx_setCursor
 279              	.LVL28:
 104:main.c        ****     gfx_print("-------------------");
 280              		.loc 1 104 0
 281 0040 2046     		mov	r0, r4
 282 0042 FFF7FEFF 		bl	gfx_print
 283              	.LVL29:
 105:main.c        ****     
 106:main.c        ****     // Get temp A
 107:main.c        ****     char outputBuffer[256];
 108:main.c        ****     snprintf(outputBuffer, sizeof(outputBuffer), "%.1f", res32);
 284              		.loc 1 108 0
 285 0046 2846     		mov	r0, r5
 286 0048 FFF7FEFF 		bl	__aeabi_f2d
 287              	.LVL30:
 288 004c CDE90001 		strd	r0, [sp]
 289 0050 0D4A     		ldr	r2, .L22+8
 290 0052 4FF48071 		mov	r1, #256
ARM GAS  C:\Users\lundc\AppData\Local\Temp\ccvlrCYJ.s 			page 8


 291 0056 02A8     		add	r0, sp, #8
 292 0058 FFF7FEFF 		bl	snprintf
 293              	.LVL31:
 109:main.c        ****     
 110:main.c        ****     // Display temp A
 111:main.c        ****     gfx_setCursor(20,20);
 294              		.loc 1 111 0
 295 005c 1421     		movs	r1, #20
 296 005e 0846     		mov	r0, r1
 297 0060 FFF7FEFF 		bl	gfx_setCursor
 298              	.LVL32:
 112:main.c        ****     gfx_print("Weight => ");
 299              		.loc 1 112 0
 300 0064 0948     		ldr	r0, .L22+12
 301 0066 FFF7FEFF 		bl	gfx_print
 302              	.LVL33:
 113:main.c        ****     gfx_setCursor(80,20);
 303              		.loc 1 113 0
 304 006a 1421     		movs	r1, #20
 305 006c 5020     		movs	r0, #80
 306 006e FFF7FEFF 		bl	gfx_setCursor
 307              	.LVL34:
 114:main.c        ****     gfx_print(outputBuffer);
 308              		.loc 1 114 0
 309 0072 02A8     		add	r0, sp, #8
 310 0074 FFF7FEFF 		bl	gfx_print
 311              	.LVL35:
 115:main.c        ****     
 116:main.c        ****     // Send OLED
 117:main.c        ****     display_update();
 312              		.loc 1 117 0
 313 0078 FFF7FEFF 		bl	display_update
 314              	.LVL36:
 118:main.c        **** }
 315              		.loc 1 118 0
 316 007c 43B0     		add	sp, sp, #268
 317              		.cfi_def_cfa_offset 12
 318              		@ sp needed
 319 007e 30BD     		pop	{r4, r5, pc}
 320              	.LVL37:
 321              	.L23:
 322              		.align	2
 323              	.L22:
 324 0080 14000000 		.word	.LC1
 325 0084 24000000 		.word	.LC2
 326 0088 38000000 		.word	.LC3
 327 008c 40000000 		.word	.LC4
 328              		.cfi_endproc
 329              	.LFE70:
 330              		.size	printOLED, .-printOLED
 331              		.section	.text.main,"ax",%progbits
 332              		.align	2
 333              		.global	main
 334              		.thumb
 335              		.thumb_func
 336              		.type	main, %function
 337              	main:
ARM GAS  C:\Users\lundc\AppData\Local\Temp\ccvlrCYJ.s 			page 9


 338              	.LFB64:
  18:main.c        ****     initProject();
 339              		.loc 1 18 0
 340              		.cfi_startproc
 341              		@ Volatile: function does not return.
 342              		@ args = 0, pretend = 0, frame = 0
 343              		@ frame_needed = 0, uses_anonymous_args = 0
 344 0000 08B5     		push	{r3, lr}
 345              		.cfi_def_cfa_offset 8
 346              		.cfi_offset 3, -8
 347              		.cfi_offset 14, -4
  19:main.c        **** 
 348              		.loc 1 19 0
 349 0002 FFF7FEFF 		bl	initProject
 350              	.LVL38:
 351              	.L25:
  23:main.c        ****         CyDelay(500);
 352              		.loc 1 23 0 discriminator 1
 353 0006 FFF7FEFF 		bl	convertV2F
 354              	.LVL39:
 355 000a FFF7FEFF 		bl	printTerminal
 356              	.LVL40:
  24:main.c        ****         printOLED(convertV2F());
 357              		.loc 1 24 0 discriminator 1
 358 000e 4FF4FA70 		mov	r0, #500
 359 0012 FFF7FEFF 		bl	CyDelay
 360              	.LVL41:
  25:main.c        ****         CyDelay(500);
 361              		.loc 1 25 0 discriminator 1
 362 0016 FFF7FEFF 		bl	convertV2F
 363              	.LVL42:
 364 001a FFF7FEFF 		bl	printOLED
 365              	.LVL43:
  26:main.c        ****     }
 366              		.loc 1 26 0 discriminator 1
 367 001e 4FF4FA70 		mov	r0, #500
 368 0022 FFF7FEFF 		bl	CyDelay
 369              	.LVL44:
 370 0026 EEE7     		b	.L25
 371              		.cfi_endproc
 372              	.LFE64:
 373              		.size	main, .-main
 374              		.section	.text.startMessage,"ax",%progbits
 375              		.align	2
 376              		.global	startMessage
 377              		.thumb
 378              		.thumb_func
 379              		.type	startMessage, %function
 380              	startMessage:
 381              	.LFB71:
 119:main.c        **** 
 120:main.c        **** void startMessage(void)
 121:main.c        **** {
 382              		.loc 1 121 0
 383              		.cfi_startproc
 384              		@ args = 0, pretend = 0, frame = 256
 385              		@ frame_needed = 0, uses_anonymous_args = 0
ARM GAS  C:\Users\lundc\AppData\Local\Temp\ccvlrCYJ.s 			page 10


 386 0000 10B5     		push	{r4, lr}
 387              		.cfi_def_cfa_offset 8
 388              		.cfi_offset 4, -8
 389              		.cfi_offset 14, -4
 390 0002 C0B0     		sub	sp, sp, #256
 391              		.cfi_def_cfa_offset 264
 122:main.c        ****     char outputBuffer[256];
 123:main.c        ****     sprintf(outputBuffer, " Weight application initialized at (%s %s)\r\n", __DATE__, __TIME__);
 392              		.loc 1 123 0
 393 0004 0B4B     		ldr	r3, .L29
 394 0006 0C4A     		ldr	r2, .L29+4
 395 0008 0C49     		ldr	r1, .L29+8
 396 000a 6846     		mov	r0, sp
 397 000c FFF7FEFF 		bl	sprintf
 398              	.LVL45:
 124:main.c        ****     UART_1_PutString(outputBuffer);
 399              		.loc 1 124 0
 400 0010 6846     		mov	r0, sp
 401 0012 FFF7FEFF 		bl	UART_1_PutString
 402              	.LVL46:
 125:main.c        ****     UART_1_PutString("==============================\r\n");
 403              		.loc 1 125 0
 404 0016 0A4C     		ldr	r4, .L29+12
 405 0018 2046     		mov	r0, r4
 406 001a FFF7FEFF 		bl	UART_1_PutString
 407              	.LVL47:
 126:main.c        ****     UART_1_PutString("Press 1 to do X\r\n");
 408              		.loc 1 126 0
 409 001e 0948     		ldr	r0, .L29+16
 410 0020 FFF7FEFF 		bl	UART_1_PutString
 411              	.LVL48:
 127:main.c        ****     UART_1_PutString("Press 2 to do Y\r\n");
 412              		.loc 1 127 0
 413 0024 0848     		ldr	r0, .L29+20
 414 0026 FFF7FEFF 		bl	UART_1_PutString
 415              	.LVL49:
 128:main.c        ****     UART_1_PutString("==============================\r\n");
 416              		.loc 1 128 0
 417 002a 2046     		mov	r0, r4
 418 002c FFF7FEFF 		bl	UART_1_PutString
 419              	.LVL50:
 129:main.c        **** }
 420              		.loc 1 129 0
 421 0030 40B0     		add	sp, sp, #256
 422              		.cfi_def_cfa_offset 8
 423              		@ sp needed
 424 0032 10BD     		pop	{r4, pc}
 425              	.L30:
 426              		.align	2
 427              	.L29:
 428 0034 4C000000 		.word	.LC5
 429 0038 58000000 		.word	.LC6
 430 003c 64000000 		.word	.LC7
 431 0040 94000000 		.word	.LC8
 432 0044 B8000000 		.word	.LC9
 433 0048 CC000000 		.word	.LC10
 434              		.cfi_endproc
ARM GAS  C:\Users\lundc\AppData\Local\Temp\ccvlrCYJ.s 			page 11


 435              	.LFE71:
 436              		.size	startMessage, .-startMessage
 437              		.section	.text.clearTerminal,"ax",%progbits
 438              		.align	2
 439              		.global	clearTerminal
 440              		.thumb
 441              		.thumb_func
 442              		.type	clearTerminal, %function
 443              	clearTerminal:
 444              	.LFB72:
 130:main.c        **** 
 131:main.c        **** void clearTerminal(void)
 132:main.c        **** {
 445              		.loc 1 132 0
 446              		.cfi_startproc
 447              		@ args = 0, pretend = 0, frame = 0
 448              		@ frame_needed = 0, uses_anonymous_args = 0
 449 0000 08B5     		push	{r3, lr}
 450              		.cfi_def_cfa_offset 8
 451              		.cfi_offset 3, -8
 452              		.cfi_offset 14, -4
 133:main.c        ****     UART_1_PutString("\033c");      // Reset terminal screen
 453              		.loc 1 133 0
 454 0002 0648     		ldr	r0, .L33
 455 0004 FFF7FEFF 		bl	UART_1_PutString
 456              	.LVL51:
 134:main.c        ****     CyDelay(20);
 457              		.loc 1 134 0
 458 0008 1420     		movs	r0, #20
 459 000a FFF7FEFF 		bl	CyDelay
 460              	.LVL52:
 135:main.c        ****     UART_1_PutString("\033[2J");    // Clear terminal screen
 461              		.loc 1 135 0
 462 000e 0448     		ldr	r0, .L33+4
 463 0010 FFF7FEFF 		bl	UART_1_PutString
 464              	.LVL53:
 136:main.c        ****     CyDelay(20);
 465              		.loc 1 136 0
 466 0014 1420     		movs	r0, #20
 467 0016 FFF7FEFF 		bl	CyDelay
 468              	.LVL54:
 469 001a 08BD     		pop	{r3, pc}
 470              	.L34:
 471              		.align	2
 472              	.L33:
 473 001c E0000000 		.word	.LC11
 474 0020 E4000000 		.word	.LC12
 475              		.cfi_endproc
 476              	.LFE72:
 477              		.size	clearTerminal, .-clearTerminal
 478              		.global	addressOLED
 479              		.section	.rodata
 480              		.align	2
 481              		.type	addressOLED, %object
 482              		.size	addressOLED, 4
 483              	addressOLED:
 484 0000 3C000000 		.word	60
ARM GAS  C:\Users\lundc\AppData\Local\Temp\ccvlrCYJ.s 			page 12


 485              		.section	.rodata.str1.4,"aMS",%progbits,1
 486              		.align	2
 487              	.LC0:
 488 0000 41444320 		.ascii	"ADC result: %.1f \015\012\000"
 488      72657375 
 488      6C743A20 
 488      252E3166 
 488      200D0A00 
 489              	.LC1:
 490 0014 44696769 		.ascii	"Digital Weight\000"
 490      74616C20 
 490      57656967 
 490      687400
 491 0023 00       		.space	1
 492              	.LC2:
 493 0024 2D2D2D2D 		.ascii	"-------------------\000"
 493      2D2D2D2D 
 493      2D2D2D2D 
 493      2D2D2D2D 
 493      2D2D2D00 
 494              	.LC3:
 495 0038 252E3166 		.ascii	"%.1f\000"
 495      00
 496 003d 000000   		.space	3
 497              	.LC4:
 498 0040 57656967 		.ascii	"Weight => \000"
 498      6874203D 
 498      3E2000
 499 004b 00       		.space	1
 500              	.LC5:
 501 004c 30383A34 		.ascii	"08:44:19\000"
 501      343A3139 
 501      00
 502 0055 000000   		.space	3
 503              	.LC6:
 504 0058 4F637420 		.ascii	"Oct 23 2022\000"
 504      32332032 
 504      30323200 
 505              	.LC7:
 506 0064 20576569 		.ascii	" Weight application initialized at (%s %s)\015\012\000"
 506      67687420 
 506      6170706C 
 506      69636174 
 506      696F6E20 
 507 0091 000000   		.space	3
 508              	.LC8:
 509 0094 3D3D3D3D 		.ascii	"==============================\015\012\000"
 509      3D3D3D3D 
 509      3D3D3D3D 
 509      3D3D3D3D 
 509      3D3D3D3D 
 510 00b5 000000   		.space	3
 511              	.LC9:
 512 00b8 50726573 		.ascii	"Press 1 to do X\015\012\000"
 512      73203120 
 512      746F2064 
 512      6F20580D 
ARM GAS  C:\Users\lundc\AppData\Local\Temp\ccvlrCYJ.s 			page 13


 512      0A00
 513 00ca 0000     		.space	2
 514              	.LC10:
 515 00cc 50726573 		.ascii	"Press 2 to do Y\015\012\000"
 515      73203220 
 515      746F2064 
 515      6F20590D 
 515      0A00
 516 00de 0000     		.space	2
 517              	.LC11:
 518 00e0 1B6300   		.ascii	"\033c\000"
 519 00e3 00       		.space	1
 520              	.LC12:
 521 00e4 1B5B324A 		.ascii	"\033[2J\000"
 521      00
 522              		.text
 523              	.Letext0:
 524              		.file 2 "c:\\program files (x86)\\cypress\\psoc creator\\4.4\\psoc creator\\import\\gnu\\arm\\5.4.
 525              		.file 3 "c:\\program files (x86)\\cypress\\psoc creator\\4.4\\psoc creator\\import\\gnu\\arm\\5.4.
 526              		.file 4 "Generated_Source\\PSoC5/core_cm3.h"
 527              		.file 5 "Generated_Source\\PSoC5/UART_1.h"
 528              		.file 6 "Generated_Source\\PSoC5/isr_uart_rx.h"
 529              		.file 7 "Generated_Source\\PSoC5/ADC_SAR_1.h"
 530              		.file 8 "Generated_Source\\PSoC5/I2COLED.h"
 531              		.file 9 "ssd1306.h"
 532              		.file 10 "c:\\program files (x86)\\cypress\\psoc creator\\4.4\\psoc creator\\import\\gnu\\arm\\5.4
 533              		.file 11 "Generated_Source\\PSoC5/CyLib.h"
 534              		.section	.debug_info,"",%progbits
 535              	.Ldebug_info0:
 536 0000 8D060000 		.4byte	0x68d
 537 0004 0400     		.2byte	0x4
 538 0006 00000000 		.4byte	.Ldebug_abbrev0
 539 000a 04       		.byte	0x4
 540 000b 01       		.uleb128 0x1
 541 000c F7000000 		.4byte	.LASF54
 542 0010 0C       		.byte	0xc
 543 0011 10030000 		.4byte	.LASF55
 544 0015 28020000 		.4byte	.LASF56
 545 0019 00000000 		.4byte	.Ldebug_ranges0+0
 546 001d 00000000 		.4byte	0
 547 0021 00000000 		.4byte	.Ldebug_line0
 548 0025 02       		.uleb128 0x2
 549 0026 04       		.byte	0x4
 550 0027 04       		.byte	0x4
 551 0028 9E000000 		.4byte	.LASF0
 552 002c 02       		.uleb128 0x2
 553 002d 01       		.byte	0x1
 554 002e 06       		.byte	0x6
 555 002f 5B030000 		.4byte	.LASF1
 556 0033 03       		.uleb128 0x3
 557 0034 24000000 		.4byte	.LASF4
 558 0038 02       		.byte	0x2
 559 0039 1D       		.byte	0x1d
 560 003a 3E000000 		.4byte	0x3e
 561 003e 02       		.uleb128 0x2
 562 003f 01       		.byte	0x1
 563 0040 08       		.byte	0x8
ARM GAS  C:\Users\lundc\AppData\Local\Temp\ccvlrCYJ.s 			page 14


 564 0041 E9000000 		.4byte	.LASF2
 565 0045 02       		.uleb128 0x2
 566 0046 02       		.byte	0x2
 567 0047 05       		.byte	0x5
 568 0048 1C030000 		.4byte	.LASF3
 569 004c 03       		.uleb128 0x3
 570 004d 16020000 		.4byte	.LASF5
 571 0051 02       		.byte	0x2
 572 0052 2B       		.byte	0x2b
 573 0053 57000000 		.4byte	0x57
 574 0057 02       		.uleb128 0x2
 575 0058 02       		.byte	0x2
 576 0059 07       		.byte	0x7
 577 005a 51000000 		.4byte	.LASF6
 578 005e 03       		.uleb128 0x3
 579 005f 39000000 		.4byte	.LASF7
 580 0063 02       		.byte	0x2
 581 0064 3F       		.byte	0x3f
 582 0065 69000000 		.4byte	0x69
 583 0069 02       		.uleb128 0x2
 584 006a 04       		.byte	0x4
 585 006b 05       		.byte	0x5
 586 006c 39030000 		.4byte	.LASF8
 587 0070 02       		.uleb128 0x2
 588 0071 04       		.byte	0x4
 589 0072 07       		.byte	0x7
 590 0073 AC010000 		.4byte	.LASF9
 591 0077 02       		.uleb128 0x2
 592 0078 08       		.byte	0x8
 593 0079 05       		.byte	0x5
 594 007a 02030000 		.4byte	.LASF10
 595 007e 02       		.uleb128 0x2
 596 007f 08       		.byte	0x8
 597 0080 07       		.byte	0x7
 598 0081 91020000 		.4byte	.LASF11
 599 0085 04       		.uleb128 0x4
 600 0086 04       		.byte	0x4
 601 0087 05       		.byte	0x5
 602 0088 696E7400 		.ascii	"int\000"
 603 008c 02       		.uleb128 0x2
 604 008d 04       		.byte	0x4
 605 008e 07       		.byte	0x7
 606 008f 76020000 		.4byte	.LASF12
 607 0093 03       		.uleb128 0x3
 608 0094 A8020000 		.4byte	.LASF13
 609 0098 03       		.byte	0x3
 610 0099 18       		.byte	0x18
 611 009a 33000000 		.4byte	0x33
 612 009e 03       		.uleb128 0x3
 613 009f 26030000 		.4byte	.LASF14
 614 00a3 03       		.byte	0x3
 615 00a4 24       		.byte	0x24
 616 00a5 4C000000 		.4byte	0x4c
 617 00a9 03       		.uleb128 0x3
 618 00aa DB020000 		.4byte	.LASF15
 619 00ae 03       		.byte	0x3
 620 00af 2C       		.byte	0x2c
ARM GAS  C:\Users\lundc\AppData\Local\Temp\ccvlrCYJ.s 			page 15


 621 00b0 5E000000 		.4byte	0x5e
 622 00b4 02       		.uleb128 0x2
 623 00b5 08       		.byte	0x8
 624 00b6 04       		.byte	0x4
 625 00b7 21020000 		.4byte	.LASF16
 626 00bb 02       		.uleb128 0x2
 627 00bc 01       		.byte	0x1
 628 00bd 08       		.byte	0x8
 629 00be 17030000 		.4byte	.LASF17
 630 00c2 02       		.uleb128 0x2
 631 00c3 08       		.byte	0x8
 632 00c4 04       		.byte	0x4
 633 00c5 4F030000 		.4byte	.LASF18
 634 00c9 02       		.uleb128 0x2
 635 00ca 04       		.byte	0x4
 636 00cb 07       		.byte	0x7
 637 00cc E3020000 		.4byte	.LASF19
 638 00d0 05       		.uleb128 0x5
 639 00d1 98010000 		.4byte	.LASF22
 640 00d5 01       		.byte	0x1
 641 00d6 1E       		.byte	0x1e
 642 00d7 00000000 		.4byte	.LFB65
 643 00db 1C000000 		.4byte	.LFE65-.LFB65
 644 00df 01       		.uleb128 0x1
 645 00e0 9C       		.byte	0x9c
 646 00e1 2D010000 		.4byte	0x12d
 647 00e5 06       		.uleb128 0x6
 648 00e6 78000000 		.4byte	.LASF20
 649 00ea 01       		.byte	0x1
 650 00eb 20       		.byte	0x20
 651 00ec 93000000 		.4byte	0x93
 652 00f0 00000000 		.4byte	.LLST0
 653 00f4 07       		.uleb128 0x7
 654 00f5 0A000000 		.4byte	.LBB2
 655 00f9 0C000000 		.4byte	.LBE2-.LBB2
 656 00fd 23010000 		.4byte	0x123
 657 0101 06       		.uleb128 0x6
 658 0102 BE000000 		.4byte	.LASF21
 659 0106 01       		.byte	0x1
 660 0107 23       		.byte	0x23
 661 0108 93000000 		.4byte	0x93
 662 010c 1E000000 		.4byte	.LLST1
 663 0110 08       		.uleb128 0x8
 664 0111 0E000000 		.4byte	.LVL2
 665 0115 A9050000 		.4byte	0x5a9
 666 0119 08       		.uleb128 0x8
 667 011a 12000000 		.4byte	.LVL3
 668 011e B4050000 		.4byte	0x5b4
 669 0122 00       		.byte	0
 670 0123 08       		.uleb128 0x8
 671 0124 06000000 		.4byte	.LVL0
 672 0128 BF050000 		.4byte	0x5bf
 673 012c 00       		.byte	0
 674 012d 05       		.uleb128 0x5
 675 012e 57020000 		.4byte	.LASF23
 676 0132 01       		.byte	0x1
 677 0133 2A       		.byte	0x2a
ARM GAS  C:\Users\lundc\AppData\Local\Temp\ccvlrCYJ.s 			page 16


 678 0134 00000000 		.4byte	.LFB66
 679 0138 02000000 		.4byte	.LFE66-.LFB66
 680 013c 01       		.uleb128 0x1
 681 013d 9C       		.byte	0x9c
 682 013e 50010000 		.4byte	0x150
 683 0142 09       		.uleb128 0x9
 684 0143 BE000000 		.4byte	.LASF21
 685 0147 01       		.byte	0x1
 686 0148 2A       		.byte	0x2a
 687 0149 93000000 		.4byte	0x93
 688 014d 01       		.uleb128 0x1
 689 014e 50       		.byte	0x50
 690 014f 00       		.byte	0
 691 0150 0A       		.uleb128 0xa
 692 0151 84000000 		.4byte	.LASF57
 693 0155 01       		.byte	0x1
 694 0156 3B       		.byte	0x3b
 695 0157 00000000 		.4byte	.LFB67
 696 015b 28000000 		.4byte	.LFE67-.LFB67
 697 015f 01       		.uleb128 0x1
 698 0160 9C       		.byte	0x9c
 699 0161 B1010000 		.4byte	0x1b1
 700 0165 0B       		.uleb128 0xb
 701 0166 0A000000 		.4byte	.LVL7
 702 016a CA050000 		.4byte	0x5ca
 703 016e 7C010000 		.4byte	0x17c
 704 0172 0C       		.uleb128 0xc
 705 0173 01       		.uleb128 0x1
 706 0174 50       		.byte	0x50
 707 0175 05       		.uleb128 0x5
 708 0176 03       		.byte	0x3
 709 0177 00000000 		.4byte	ISR_UART_rx_handler
 710 017b 00       		.byte	0
 711 017c 08       		.uleb128 0x8
 712 017d 0E000000 		.4byte	.LVL8
 713 0181 D5050000 		.4byte	0x5d5
 714 0185 08       		.uleb128 0x8
 715 0186 12000000 		.4byte	.LVL9
 716 018a E0050000 		.4byte	0x5e0
 717 018e 08       		.uleb128 0x8
 718 018f 16000000 		.4byte	.LVL10
 719 0193 EB050000 		.4byte	0x5eb
 720 0197 08       		.uleb128 0x8
 721 0198 1A000000 		.4byte	.LVL11
 722 019c F6050000 		.4byte	0x5f6
 723 01a0 0D       		.uleb128 0xd
 724 01a1 20000000 		.4byte	.LVL12
 725 01a5 01060000 		.4byte	0x601
 726 01a9 0C       		.uleb128 0xc
 727 01aa 01       		.uleb128 0x1
 728 01ab 50       		.byte	0x50
 729 01ac 02       		.uleb128 0x2
 730 01ad 08       		.byte	0x8
 731 01ae 3C       		.byte	0x3c
 732 01af 00       		.byte	0
 733 01b0 00       		.byte	0
 734 01b1 0E       		.uleb128 0xe
ARM GAS  C:\Users\lundc\AppData\Local\Temp\ccvlrCYJ.s 			page 17


 735 01b2 F0010000 		.4byte	.LASF58
 736 01b6 01       		.byte	0x1
 737 01b7 46       		.byte	0x46
 738 01b8 25000000 		.4byte	0x25
 739 01bc 00000000 		.4byte	.LFB68
 740 01c0 1C000000 		.4byte	.LFE68-.LFB68
 741 01c4 01       		.uleb128 0x1
 742 01c5 9C       		.byte	0x9c
 743 01c6 FC010000 		.4byte	0x1fc
 744 01ca 07       		.uleb128 0x7
 745 01cb 0A000000 		.4byte	.LBB3
 746 01cf 0A000000 		.4byte	.LBE3-.LBB3
 747 01d3 EC010000 		.4byte	0x1ec
 748 01d7 0F       		.uleb128 0xf
 749 01d8 C7020000 		.4byte	.LASF59
 750 01dc 01       		.byte	0x1
 751 01dd 4B       		.byte	0x4b
 752 01de 9E000000 		.4byte	0x9e
 753 01e2 08       		.uleb128 0x8
 754 01e3 0E000000 		.4byte	.LVL14
 755 01e7 0C060000 		.4byte	0x60c
 756 01eb 00       		.byte	0
 757 01ec 0D       		.uleb128 0xd
 758 01ed 08000000 		.4byte	.LVL13
 759 01f1 17060000 		.4byte	0x617
 760 01f5 0C       		.uleb128 0xc
 761 01f6 01       		.uleb128 0x1
 762 01f7 50       		.byte	0x50
 763 01f8 01       		.uleb128 0x1
 764 01f9 30       		.byte	0x30
 765 01fa 00       		.byte	0
 766 01fb 00       		.byte	0
 767 01fc 10       		.uleb128 0x10
 768 01fd 43000000 		.4byte	.LASF24
 769 0201 01       		.byte	0x1
 770 0202 55       		.byte	0x55
 771 0203 00000000 		.4byte	.LFB69
 772 0207 28000000 		.4byte	.LFE69-.LFB69
 773 020b 01       		.uleb128 0x1
 774 020c 9C       		.byte	0x9c
 775 020d 66020000 		.4byte	0x266
 776 0211 11       		.uleb128 0x11
 777 0212 64000000 		.4byte	.LASF25
 778 0216 01       		.byte	0x1
 779 0217 55       		.byte	0x55
 780 0218 25000000 		.4byte	0x25
 781 021c 31000000 		.4byte	.LLST2
 782 0220 12       		.uleb128 0x12
 783 0221 2E000000 		.4byte	.LASF26
 784 0225 01       		.byte	0x1
 785 0226 57       		.byte	0x57
 786 0227 66020000 		.4byte	0x266
 787 022b 03       		.uleb128 0x3
 788 022c 91       		.byte	0x91
 789 022d F87D     		.sleb128 -264
 790 022f 0B       		.uleb128 0xb
 791 0230 18000000 		.4byte	.LVL17
ARM GAS  C:\Users\lundc\AppData\Local\Temp\ccvlrCYJ.s 			page 18


 792 0234 22060000 		.4byte	0x622
 793 0238 54020000 		.4byte	0x254
 794 023c 0C       		.uleb128 0xc
 795 023d 01       		.uleb128 0x1
 796 023e 50       		.byte	0x50
 797 023f 03       		.uleb128 0x3
 798 0240 91       		.byte	0x91
 799 0241 F87D     		.sleb128 -264
 800 0243 0C       		.uleb128 0xc
 801 0244 01       		.uleb128 0x1
 802 0245 51       		.byte	0x51
 803 0246 03       		.uleb128 0x3
 804 0247 0A       		.byte	0xa
 805 0248 0001     		.2byte	0x100
 806 024a 0C       		.uleb128 0xc
 807 024b 01       		.uleb128 0x1
 808 024c 52       		.byte	0x52
 809 024d 05       		.uleb128 0x5
 810 024e 03       		.byte	0x3
 811 024f 00000000 		.4byte	.LC0
 812 0253 00       		.byte	0
 813 0254 0D       		.uleb128 0xd
 814 0255 1E000000 		.4byte	.LVL18
 815 0259 2D060000 		.4byte	0x62d
 816 025d 0C       		.uleb128 0xc
 817 025e 01       		.uleb128 0x1
 818 025f 50       		.byte	0x50
 819 0260 03       		.uleb128 0x3
 820 0261 91       		.byte	0x91
 821 0262 F87D     		.sleb128 -264
 822 0264 00       		.byte	0
 823 0265 00       		.byte	0
 824 0266 13       		.uleb128 0x13
 825 0267 BB000000 		.4byte	0xbb
 826 026b 76020000 		.4byte	0x276
 827 026f 14       		.uleb128 0x14
 828 0270 C9000000 		.4byte	0xc9
 829 0274 FF       		.byte	0xff
 830 0275 00       		.byte	0
 831 0276 10       		.uleb128 0x10
 832 0277 A5030000 		.4byte	.LASF27
 833 027b 01       		.byte	0x1
 834 027c 5C       		.byte	0x5c
 835 027d 00000000 		.4byte	.LFB70
 836 0281 90000000 		.4byte	.LFE70-.LFB70
 837 0285 01       		.uleb128 0x1
 838 0286 9C       		.byte	0x9c
 839 0287 F5030000 		.4byte	0x3f5
 840 028b 11       		.uleb128 0x11
 841 028c 64000000 		.4byte	.LASF25
 842 0290 01       		.byte	0x1
 843 0291 5C       		.byte	0x5c
 844 0292 25000000 		.4byte	0x25
 845 0296 54000000 		.4byte	.LLST3
 846 029a 12       		.uleb128 0x12
 847 029b CE020000 		.4byte	.LASF28
 848 029f 01       		.byte	0x1
ARM GAS  C:\Users\lundc\AppData\Local\Temp\ccvlrCYJ.s 			page 19


 849 02a0 6B       		.byte	0x6b
 850 02a1 66020000 		.4byte	0x266
 851 02a5 03       		.uleb128 0x3
 852 02a6 91       		.byte	0x91
 853 02a7 F07D     		.sleb128 -272
 854 02a9 08       		.uleb128 0x8
 855 02aa 0A000000 		.4byte	.LVL20
 856 02ae 38060000 		.4byte	0x638
 857 02b2 08       		.uleb128 0x8
 858 02b3 0E000000 		.4byte	.LVL21
 859 02b7 43060000 		.4byte	0x643
 860 02bb 0B       		.uleb128 0xb
 861 02bc 14000000 		.4byte	.LVL22
 862 02c0 4E060000 		.4byte	0x64e
 863 02c4 CE020000 		.4byte	0x2ce
 864 02c8 0C       		.uleb128 0xc
 865 02c9 01       		.uleb128 0x1
 866 02ca 50       		.byte	0x50
 867 02cb 01       		.uleb128 0x1
 868 02cc 31       		.byte	0x31
 869 02cd 00       		.byte	0
 870 02ce 0B       		.uleb128 0xb
 871 02cf 1A000000 		.4byte	.LVL23
 872 02d3 59060000 		.4byte	0x659
 873 02d7 E1020000 		.4byte	0x2e1
 874 02db 0C       		.uleb128 0xc
 875 02dc 01       		.uleb128 0x1
 876 02dd 50       		.byte	0x50
 877 02de 01       		.uleb128 0x1
 878 02df 31       		.byte	0x31
 879 02e0 00       		.byte	0
 880 02e1 0B       		.uleb128 0xb
 881 02e2 22000000 		.4byte	.LVL24
 882 02e6 64060000 		.4byte	0x664
 883 02ea F9020000 		.4byte	0x2f9
 884 02ee 0C       		.uleb128 0xc
 885 02ef 01       		.uleb128 0x1
 886 02f0 50       		.byte	0x50
 887 02f1 01       		.uleb128 0x1
 888 02f2 35       		.byte	0x35
 889 02f3 0C       		.uleb128 0xc
 890 02f4 01       		.uleb128 0x1
 891 02f5 51       		.byte	0x51
 892 02f6 01       		.uleb128 0x1
 893 02f7 30       		.byte	0x30
 894 02f8 00       		.byte	0
 895 02f9 0B       		.uleb128 0xb
 896 02fa 28000000 		.4byte	.LVL25
 897 02fe 6F060000 		.4byte	0x66f
 898 0302 10030000 		.4byte	0x310
 899 0306 0C       		.uleb128 0xc
 900 0307 01       		.uleb128 0x1
 901 0308 50       		.byte	0x50
 902 0309 05       		.uleb128 0x5
 903 030a 03       		.byte	0x3
 904 030b 14000000 		.4byte	.LC1
 905 030f 00       		.byte	0
ARM GAS  C:\Users\lundc\AppData\Local\Temp\ccvlrCYJ.s 			page 20


 906 0310 0B       		.uleb128 0xb
 907 0311 30000000 		.4byte	.LVL26
 908 0315 64060000 		.4byte	0x664
 909 0319 28030000 		.4byte	0x328
 910 031d 0C       		.uleb128 0xc
 911 031e 01       		.uleb128 0x1
 912 031f 50       		.byte	0x50
 913 0320 01       		.uleb128 0x1
 914 0321 35       		.byte	0x35
 915 0322 0C       		.uleb128 0xc
 916 0323 01       		.uleb128 0x1
 917 0324 51       		.byte	0x51
 918 0325 01       		.uleb128 0x1
 919 0326 3A       		.byte	0x3a
 920 0327 00       		.byte	0
 921 0328 0B       		.uleb128 0xb
 922 0329 38000000 		.4byte	.LVL27
 923 032d 6F060000 		.4byte	0x66f
 924 0331 3C030000 		.4byte	0x33c
 925 0335 0C       		.uleb128 0xc
 926 0336 01       		.uleb128 0x1
 927 0337 50       		.byte	0x50
 928 0338 02       		.uleb128 0x2
 929 0339 74       		.byte	0x74
 930 033a 00       		.sleb128 0
 931 033b 00       		.byte	0
 932 033c 0B       		.uleb128 0xb
 933 033d 40000000 		.4byte	.LVL28
 934 0341 64060000 		.4byte	0x664
 935 0345 55030000 		.4byte	0x355
 936 0349 0C       		.uleb128 0xc
 937 034a 01       		.uleb128 0x1
 938 034b 50       		.byte	0x50
 939 034c 01       		.uleb128 0x1
 940 034d 35       		.byte	0x35
 941 034e 0C       		.uleb128 0xc
 942 034f 01       		.uleb128 0x1
 943 0350 51       		.byte	0x51
 944 0351 02       		.uleb128 0x2
 945 0352 08       		.byte	0x8
 946 0353 32       		.byte	0x32
 947 0354 00       		.byte	0
 948 0355 0B       		.uleb128 0xb
 949 0356 46000000 		.4byte	.LVL29
 950 035a 6F060000 		.4byte	0x66f
 951 035e 69030000 		.4byte	0x369
 952 0362 0C       		.uleb128 0xc
 953 0363 01       		.uleb128 0x1
 954 0364 50       		.byte	0x50
 955 0365 02       		.uleb128 0x2
 956 0366 74       		.byte	0x74
 957 0367 00       		.sleb128 0
 958 0368 00       		.byte	0
 959 0369 0B       		.uleb128 0xb
 960 036a 5C000000 		.4byte	.LVL31
 961 036e 22060000 		.4byte	0x622
 962 0372 8E030000 		.4byte	0x38e
ARM GAS  C:\Users\lundc\AppData\Local\Temp\ccvlrCYJ.s 			page 21


 963 0376 0C       		.uleb128 0xc
 964 0377 01       		.uleb128 0x1
 965 0378 50       		.byte	0x50
 966 0379 03       		.uleb128 0x3
 967 037a 91       		.byte	0x91
 968 037b F07D     		.sleb128 -272
 969 037d 0C       		.uleb128 0xc
 970 037e 01       		.uleb128 0x1
 971 037f 51       		.byte	0x51
 972 0380 03       		.uleb128 0x3
 973 0381 0A       		.byte	0xa
 974 0382 0001     		.2byte	0x100
 975 0384 0C       		.uleb128 0xc
 976 0385 01       		.uleb128 0x1
 977 0386 52       		.byte	0x52
 978 0387 05       		.uleb128 0x5
 979 0388 03       		.byte	0x3
 980 0389 38000000 		.4byte	.LC3
 981 038d 00       		.byte	0
 982 038e 0B       		.uleb128 0xb
 983 038f 64000000 		.4byte	.LVL32
 984 0393 64060000 		.4byte	0x664
 985 0397 A6030000 		.4byte	0x3a6
 986 039b 0C       		.uleb128 0xc
 987 039c 01       		.uleb128 0x1
 988 039d 50       		.byte	0x50
 989 039e 01       		.uleb128 0x1
 990 039f 44       		.byte	0x44
 991 03a0 0C       		.uleb128 0xc
 992 03a1 01       		.uleb128 0x1
 993 03a2 51       		.byte	0x51
 994 03a3 01       		.uleb128 0x1
 995 03a4 44       		.byte	0x44
 996 03a5 00       		.byte	0
 997 03a6 0B       		.uleb128 0xb
 998 03a7 6A000000 		.4byte	.LVL33
 999 03ab 6F060000 		.4byte	0x66f
 1000 03af BD030000 		.4byte	0x3bd
 1001 03b3 0C       		.uleb128 0xc
 1002 03b4 01       		.uleb128 0x1
 1003 03b5 50       		.byte	0x50
 1004 03b6 05       		.uleb128 0x5
 1005 03b7 03       		.byte	0x3
 1006 03b8 40000000 		.4byte	.LC4
 1007 03bc 00       		.byte	0
 1008 03bd 0B       		.uleb128 0xb
 1009 03be 72000000 		.4byte	.LVL34
 1010 03c2 64060000 		.4byte	0x664
 1011 03c6 D6030000 		.4byte	0x3d6
 1012 03ca 0C       		.uleb128 0xc
 1013 03cb 01       		.uleb128 0x1
 1014 03cc 50       		.byte	0x50
 1015 03cd 02       		.uleb128 0x2
 1016 03ce 08       		.byte	0x8
 1017 03cf 50       		.byte	0x50
 1018 03d0 0C       		.uleb128 0xc
 1019 03d1 01       		.uleb128 0x1
ARM GAS  C:\Users\lundc\AppData\Local\Temp\ccvlrCYJ.s 			page 22


 1020 03d2 51       		.byte	0x51
 1021 03d3 01       		.uleb128 0x1
 1022 03d4 44       		.byte	0x44
 1023 03d5 00       		.byte	0
 1024 03d6 0B       		.uleb128 0xb
 1025 03d7 78000000 		.4byte	.LVL35
 1026 03db 6F060000 		.4byte	0x66f
 1027 03df EB030000 		.4byte	0x3eb
 1028 03e3 0C       		.uleb128 0xc
 1029 03e4 01       		.uleb128 0x1
 1030 03e5 50       		.byte	0x50
 1031 03e6 03       		.uleb128 0x3
 1032 03e7 91       		.byte	0x91
 1033 03e8 F07D     		.sleb128 -272
 1034 03ea 00       		.byte	0
 1035 03eb 08       		.uleb128 0x8
 1036 03ec 7C000000 		.4byte	.LVL36
 1037 03f0 43060000 		.4byte	0x643
 1038 03f4 00       		.byte	0
 1039 03f5 15       		.uleb128 0x15
 1040 03f6 43020000 		.4byte	.LASF60
 1041 03fa 01       		.byte	0x1
 1042 03fb 11       		.byte	0x11
 1043 03fc 85000000 		.4byte	0x85
 1044 0400 00000000 		.4byte	.LFB64
 1045 0404 28000000 		.4byte	.LFE64-.LFB64
 1046 0408 01       		.uleb128 0x1
 1047 0409 9C       		.byte	0x9c
 1048 040a 62040000 		.4byte	0x462
 1049 040e 08       		.uleb128 0x8
 1050 040f 06000000 		.4byte	.LVL38
 1051 0413 50010000 		.4byte	0x150
 1052 0417 08       		.uleb128 0x8
 1053 0418 0A000000 		.4byte	.LVL39
 1054 041c B1010000 		.4byte	0x1b1
 1055 0420 08       		.uleb128 0x8
 1056 0421 0E000000 		.4byte	.LVL40
 1057 0425 FC010000 		.4byte	0x1fc
 1058 0429 0B       		.uleb128 0xb
 1059 042a 16000000 		.4byte	.LVL41
 1060 042e 7A060000 		.4byte	0x67a
 1061 0432 3E040000 		.4byte	0x43e
 1062 0436 0C       		.uleb128 0xc
 1063 0437 01       		.uleb128 0x1
 1064 0438 50       		.byte	0x50
 1065 0439 03       		.uleb128 0x3
 1066 043a 0A       		.byte	0xa
 1067 043b F401     		.2byte	0x1f4
 1068 043d 00       		.byte	0
 1069 043e 08       		.uleb128 0x8
 1070 043f 1A000000 		.4byte	.LVL42
 1071 0443 B1010000 		.4byte	0x1b1
 1072 0447 08       		.uleb128 0x8
 1073 0448 1E000000 		.4byte	.LVL43
 1074 044c 76020000 		.4byte	0x276
 1075 0450 0D       		.uleb128 0xd
 1076 0451 26000000 		.4byte	.LVL44
ARM GAS  C:\Users\lundc\AppData\Local\Temp\ccvlrCYJ.s 			page 23


 1077 0455 7A060000 		.4byte	0x67a
 1078 0459 0C       		.uleb128 0xc
 1079 045a 01       		.uleb128 0x1
 1080 045b 50       		.byte	0x50
 1081 045c 03       		.uleb128 0x3
 1082 045d 0A       		.byte	0xa
 1083 045e F401     		.2byte	0x1f4
 1084 0460 00       		.byte	0
 1085 0461 00       		.byte	0
 1086 0462 05       		.uleb128 0x5
 1087 0463 CB000000 		.4byte	.LASF29
 1088 0467 01       		.byte	0x1
 1089 0468 78       		.byte	0x78
 1090 0469 00000000 		.4byte	.LFB71
 1091 046d 4C000000 		.4byte	.LFE71-.LFB71
 1092 0471 01       		.uleb128 0x1
 1093 0472 9C       		.byte	0x9c
 1094 0473 1C050000 		.4byte	0x51c
 1095 0477 12       		.uleb128 0x12
 1096 0478 CE020000 		.4byte	.LASF28
 1097 047c 01       		.byte	0x1
 1098 047d 7A       		.byte	0x7a
 1099 047e 66020000 		.4byte	0x266
 1100 0482 03       		.uleb128 0x3
 1101 0483 91       		.byte	0x91
 1102 0484 F87D     		.sleb128 -264
 1103 0486 0B       		.uleb128 0xb
 1104 0487 10000000 		.4byte	.LVL45
 1105 048b 85060000 		.4byte	0x685
 1106 048f B5040000 		.4byte	0x4b5
 1107 0493 0C       		.uleb128 0xc
 1108 0494 01       		.uleb128 0x1
 1109 0495 50       		.byte	0x50
 1110 0496 02       		.uleb128 0x2
 1111 0497 7D       		.byte	0x7d
 1112 0498 00       		.sleb128 0
 1113 0499 0C       		.uleb128 0xc
 1114 049a 01       		.uleb128 0x1
 1115 049b 51       		.byte	0x51
 1116 049c 05       		.uleb128 0x5
 1117 049d 03       		.byte	0x3
 1118 049e 64000000 		.4byte	.LC7
 1119 04a2 0C       		.uleb128 0xc
 1120 04a3 01       		.uleb128 0x1
 1121 04a4 52       		.byte	0x52
 1122 04a5 05       		.uleb128 0x5
 1123 04a6 03       		.byte	0x3
 1124 04a7 58000000 		.4byte	.LC6
 1125 04ab 0C       		.uleb128 0xc
 1126 04ac 01       		.uleb128 0x1
 1127 04ad 53       		.byte	0x53
 1128 04ae 05       		.uleb128 0x5
 1129 04af 03       		.byte	0x3
 1130 04b0 4C000000 		.4byte	.LC5
 1131 04b4 00       		.byte	0
 1132 04b5 0B       		.uleb128 0xb
 1133 04b6 16000000 		.4byte	.LVL46
ARM GAS  C:\Users\lundc\AppData\Local\Temp\ccvlrCYJ.s 			page 24


 1134 04ba 2D060000 		.4byte	0x62d
 1135 04be C9040000 		.4byte	0x4c9
 1136 04c2 0C       		.uleb128 0xc
 1137 04c3 01       		.uleb128 0x1
 1138 04c4 50       		.byte	0x50
 1139 04c5 02       		.uleb128 0x2
 1140 04c6 7D       		.byte	0x7d
 1141 04c7 00       		.sleb128 0
 1142 04c8 00       		.byte	0
 1143 04c9 0B       		.uleb128 0xb
 1144 04ca 1E000000 		.4byte	.LVL47
 1145 04ce 2D060000 		.4byte	0x62d
 1146 04d2 DD040000 		.4byte	0x4dd
 1147 04d6 0C       		.uleb128 0xc
 1148 04d7 01       		.uleb128 0x1
 1149 04d8 50       		.byte	0x50
 1150 04d9 02       		.uleb128 0x2
 1151 04da 74       		.byte	0x74
 1152 04db 00       		.sleb128 0
 1153 04dc 00       		.byte	0
 1154 04dd 0B       		.uleb128 0xb
 1155 04de 24000000 		.4byte	.LVL48
 1156 04e2 2D060000 		.4byte	0x62d
 1157 04e6 F4040000 		.4byte	0x4f4
 1158 04ea 0C       		.uleb128 0xc
 1159 04eb 01       		.uleb128 0x1
 1160 04ec 50       		.byte	0x50
 1161 04ed 05       		.uleb128 0x5
 1162 04ee 03       		.byte	0x3
 1163 04ef B8000000 		.4byte	.LC9
 1164 04f3 00       		.byte	0
 1165 04f4 0B       		.uleb128 0xb
 1166 04f5 2A000000 		.4byte	.LVL49
 1167 04f9 2D060000 		.4byte	0x62d
 1168 04fd 0B050000 		.4byte	0x50b
 1169 0501 0C       		.uleb128 0xc
 1170 0502 01       		.uleb128 0x1
 1171 0503 50       		.byte	0x50
 1172 0504 05       		.uleb128 0x5
 1173 0505 03       		.byte	0x3
 1174 0506 CC000000 		.4byte	.LC10
 1175 050a 00       		.byte	0
 1176 050b 0D       		.uleb128 0xd
 1177 050c 30000000 		.4byte	.LVL50
 1178 0510 2D060000 		.4byte	0x62d
 1179 0514 0C       		.uleb128 0xc
 1180 0515 01       		.uleb128 0x1
 1181 0516 50       		.byte	0x50
 1182 0517 02       		.uleb128 0x2
 1183 0518 74       		.byte	0x74
 1184 0519 00       		.sleb128 0
 1185 051a 00       		.byte	0
 1186 051b 00       		.byte	0
 1187 051c 05       		.uleb128 0x5
 1188 051d 6A000000 		.4byte	.LASF30
 1189 0521 01       		.byte	0x1
 1190 0522 83       		.byte	0x83
ARM GAS  C:\Users\lundc\AppData\Local\Temp\ccvlrCYJ.s 			page 25


 1191 0523 00000000 		.4byte	.LFB72
 1192 0527 24000000 		.4byte	.LFE72-.LFB72
 1193 052b 01       		.uleb128 0x1
 1194 052c 9C       		.byte	0x9c
 1195 052d 82050000 		.4byte	0x582
 1196 0531 0B       		.uleb128 0xb
 1197 0532 08000000 		.4byte	.LVL51
 1198 0536 2D060000 		.4byte	0x62d
 1199 053a 48050000 		.4byte	0x548
 1200 053e 0C       		.uleb128 0xc
 1201 053f 01       		.uleb128 0x1
 1202 0540 50       		.byte	0x50
 1203 0541 05       		.uleb128 0x5
 1204 0542 03       		.byte	0x3
 1205 0543 E0000000 		.4byte	.LC11
 1206 0547 00       		.byte	0
 1207 0548 0B       		.uleb128 0xb
 1208 0549 0E000000 		.4byte	.LVL52
 1209 054d 7A060000 		.4byte	0x67a
 1210 0551 5B050000 		.4byte	0x55b
 1211 0555 0C       		.uleb128 0xc
 1212 0556 01       		.uleb128 0x1
 1213 0557 50       		.byte	0x50
 1214 0558 01       		.uleb128 0x1
 1215 0559 44       		.byte	0x44
 1216 055a 00       		.byte	0
 1217 055b 0B       		.uleb128 0xb
 1218 055c 14000000 		.4byte	.LVL53
 1219 0560 2D060000 		.4byte	0x62d
 1220 0564 72050000 		.4byte	0x572
 1221 0568 0C       		.uleb128 0xc
 1222 0569 01       		.uleb128 0x1
 1223 056a 50       		.byte	0x50
 1224 056b 05       		.uleb128 0x5
 1225 056c 03       		.byte	0x3
 1226 056d E4000000 		.4byte	.LC12
 1227 0571 00       		.byte	0
 1228 0572 0D       		.uleb128 0xd
 1229 0573 1A000000 		.4byte	.LVL54
 1230 0577 7A060000 		.4byte	0x67a
 1231 057b 0C       		.uleb128 0xc
 1232 057c 01       		.uleb128 0x1
 1233 057d 50       		.byte	0x50
 1234 057e 01       		.uleb128 0x1
 1235 057f 44       		.byte	0x44
 1236 0580 00       		.byte	0
 1237 0581 00       		.byte	0
 1238 0582 16       		.uleb128 0x16
 1239 0583 FB010000 		.4byte	.LASF31
 1240 0587 04       		.byte	0x4
 1241 0588 9606     		.2byte	0x696
 1242 058a 8E050000 		.4byte	0x58e
 1243 058e 17       		.uleb128 0x17
 1244 058f A9000000 		.4byte	0xa9
 1245 0593 18       		.uleb128 0x18
 1246 0594 6A020000 		.4byte	.LASF32
 1247 0598 01       		.byte	0x1
ARM GAS  C:\Users\lundc\AppData\Local\Temp\ccvlrCYJ.s 			page 26


 1248 0599 0F       		.byte	0xf
 1249 059a A4050000 		.4byte	0x5a4
 1250 059e 05       		.uleb128 0x5
 1251 059f 03       		.byte	0x3
 1252 05a0 00000000 		.4byte	addressOLED
 1253 05a4 19       		.uleb128 0x19
 1254 05a5 85000000 		.4byte	0x85
 1255 05a9 1A       		.uleb128 0x1a
 1256 05aa BE010000 		.4byte	.LASF33
 1257 05ae BE010000 		.4byte	.LASF33
 1258 05b2 05       		.byte	0x5
 1259 05b3 6F       		.byte	0x6f
 1260 05b4 1A       		.uleb128 0x1a
 1261 05b5 85010000 		.4byte	.LASF34
 1262 05b9 85010000 		.4byte	.LASF34
 1263 05bd 05       		.byte	0x5
 1264 05be 88       		.byte	0x88
 1265 05bf 1A       		.uleb128 0x1a
 1266 05c0 B0020000 		.4byte	.LASF35
 1267 05c4 B0020000 		.4byte	.LASF35
 1268 05c8 05       		.byte	0x5
 1269 05c9 73       		.byte	0x73
 1270 05ca 1A       		.uleb128 0x1a
 1271 05cb 00000000 		.4byte	.LASF36
 1272 05cf 00000000 		.4byte	.LASF36
 1273 05d3 06       		.byte	0x6
 1274 05d4 18       		.byte	0x18
 1275 05d5 1A       		.uleb128 0x1a
 1276 05d6 77030000 		.4byte	.LASF37
 1277 05da 77030000 		.4byte	.LASF37
 1278 05de 05       		.byte	0x5
 1279 05df 54       		.byte	0x54
 1280 05e0 1A       		.uleb128 0x1a
 1281 05e1 67030000 		.4byte	.LASF38
 1282 05e5 67030000 		.4byte	.LASF38
 1283 05e9 07       		.byte	0x7
 1284 05ea 34       		.byte	0x34
 1285 05eb 1A       		.uleb128 0x1a
 1286 05ec D0010000 		.4byte	.LASF39
 1287 05f0 D0010000 		.4byte	.LASF39
 1288 05f4 07       		.byte	0x7
 1289 05f5 D1       		.byte	0xd1
 1290 05f6 1A       		.uleb128 0x1a
 1291 05f7 83020000 		.4byte	.LASF40
 1292 05fb 83020000 		.4byte	.LASF40
 1293 05ff 08       		.byte	0x8
 1294 0600 93       		.byte	0x93
 1295 0601 1A       		.uleb128 0x1a
 1296 0602 42030000 		.4byte	.LASF41
 1297 0606 42030000 		.4byte	.LASF41
 1298 060a 09       		.byte	0x9
 1299 060b 23       		.byte	0x23
 1300 060c 1A       		.uleb128 0x1a
 1301 060d EC020000 		.4byte	.LASF42
 1302 0611 EC020000 		.4byte	.LASF42
 1303 0615 07       		.byte	0x7
 1304 0616 3B       		.byte	0x3b
ARM GAS  C:\Users\lundc\AppData\Local\Temp\ccvlrCYJ.s 			page 27


 1305 0617 1A       		.uleb128 0x1a
 1306 0618 A4000000 		.4byte	.LASF43
 1307 061c A4000000 		.4byte	.LASF43
 1308 0620 07       		.byte	0x7
 1309 0621 39       		.byte	0x39
 1310 0622 1A       		.uleb128 0x1a
 1311 0623 E7010000 		.4byte	.LASF44
 1312 0627 E7010000 		.4byte	.LASF44
 1313 062b 0A       		.byte	0xa
 1314 062c FD       		.byte	0xfd
 1315 062d 1A       		.uleb128 0x1a
 1316 062e 84030000 		.4byte	.LASF45
 1317 0632 84030000 		.4byte	.LASF45
 1318 0636 05       		.byte	0x5
 1319 0637 8B       		.byte	0x8b
 1320 0638 1A       		.uleb128 0x1a
 1321 0639 90000000 		.4byte	.LASF46
 1322 063d 90000000 		.4byte	.LASF46
 1323 0641 09       		.byte	0x9
 1324 0642 25       		.byte	0x25
 1325 0643 1A       		.uleb128 0x1a
 1326 0644 48020000 		.4byte	.LASF47
 1327 0648 48020000 		.4byte	.LASF47
 1328 064c 09       		.byte	0x9
 1329 064d 24       		.byte	0x24
 1330 064e 1A       		.uleb128 0x1a
 1331 064f 14000000 		.4byte	.LASF48
 1332 0653 14000000 		.4byte	.LASF48
 1333 0657 09       		.byte	0x9
 1334 0658 31       		.byte	0x31
 1335 0659 1A       		.uleb128 0x1a
 1336 065a D8000000 		.4byte	.LASF49
 1337 065e D8000000 		.4byte	.LASF49
 1338 0662 09       		.byte	0x9
 1339 0663 32       		.byte	0x32
 1340 0664 1A       		.uleb128 0x1a
 1341 0665 08020000 		.4byte	.LASF50
 1342 0669 08020000 		.4byte	.LASF50
 1343 066d 09       		.byte	0x9
 1344 066e 30       		.byte	0x30
 1345 066f 1A       		.uleb128 0x1a
 1346 0670 2F030000 		.4byte	.LASF51
 1347 0674 2F030000 		.4byte	.LASF51
 1348 0678 09       		.byte	0x9
 1349 0679 37       		.byte	0x37
 1350 067a 1A       		.uleb128 0x1a
 1351 067b 9D030000 		.4byte	.LASF52
 1352 067f 9D030000 		.4byte	.LASF52
 1353 0683 0B       		.byte	0xb
 1354 0684 76       		.byte	0x76
 1355 0685 1A       		.uleb128 0x1a
 1356 0686 95030000 		.4byte	.LASF53
 1357 068a 95030000 		.4byte	.LASF53
 1358 068e 0A       		.byte	0xa
 1359 068f E7       		.byte	0xe7
 1360 0690 00       		.byte	0
 1361              		.section	.debug_abbrev,"",%progbits
ARM GAS  C:\Users\lundc\AppData\Local\Temp\ccvlrCYJ.s 			page 28


 1362              	.Ldebug_abbrev0:
 1363 0000 01       		.uleb128 0x1
 1364 0001 11       		.uleb128 0x11
 1365 0002 01       		.byte	0x1
 1366 0003 25       		.uleb128 0x25
 1367 0004 0E       		.uleb128 0xe
 1368 0005 13       		.uleb128 0x13
 1369 0006 0B       		.uleb128 0xb
 1370 0007 03       		.uleb128 0x3
 1371 0008 0E       		.uleb128 0xe
 1372 0009 1B       		.uleb128 0x1b
 1373 000a 0E       		.uleb128 0xe
 1374 000b 55       		.uleb128 0x55
 1375 000c 17       		.uleb128 0x17
 1376 000d 11       		.uleb128 0x11
 1377 000e 01       		.uleb128 0x1
 1378 000f 10       		.uleb128 0x10
 1379 0010 17       		.uleb128 0x17
 1380 0011 00       		.byte	0
 1381 0012 00       		.byte	0
 1382 0013 02       		.uleb128 0x2
 1383 0014 24       		.uleb128 0x24
 1384 0015 00       		.byte	0
 1385 0016 0B       		.uleb128 0xb
 1386 0017 0B       		.uleb128 0xb
 1387 0018 3E       		.uleb128 0x3e
 1388 0019 0B       		.uleb128 0xb
 1389 001a 03       		.uleb128 0x3
 1390 001b 0E       		.uleb128 0xe
 1391 001c 00       		.byte	0
 1392 001d 00       		.byte	0
 1393 001e 03       		.uleb128 0x3
 1394 001f 16       		.uleb128 0x16
 1395 0020 00       		.byte	0
 1396 0021 03       		.uleb128 0x3
 1397 0022 0E       		.uleb128 0xe
 1398 0023 3A       		.uleb128 0x3a
 1399 0024 0B       		.uleb128 0xb
 1400 0025 3B       		.uleb128 0x3b
 1401 0026 0B       		.uleb128 0xb
 1402 0027 49       		.uleb128 0x49
 1403 0028 13       		.uleb128 0x13
 1404 0029 00       		.byte	0
 1405 002a 00       		.byte	0
 1406 002b 04       		.uleb128 0x4
 1407 002c 24       		.uleb128 0x24
 1408 002d 00       		.byte	0
 1409 002e 0B       		.uleb128 0xb
 1410 002f 0B       		.uleb128 0xb
 1411 0030 3E       		.uleb128 0x3e
 1412 0031 0B       		.uleb128 0xb
 1413 0032 03       		.uleb128 0x3
 1414 0033 08       		.uleb128 0x8
 1415 0034 00       		.byte	0
 1416 0035 00       		.byte	0
 1417 0036 05       		.uleb128 0x5
 1418 0037 2E       		.uleb128 0x2e
ARM GAS  C:\Users\lundc\AppData\Local\Temp\ccvlrCYJ.s 			page 29


 1419 0038 01       		.byte	0x1
 1420 0039 3F       		.uleb128 0x3f
 1421 003a 19       		.uleb128 0x19
 1422 003b 03       		.uleb128 0x3
 1423 003c 0E       		.uleb128 0xe
 1424 003d 3A       		.uleb128 0x3a
 1425 003e 0B       		.uleb128 0xb
 1426 003f 3B       		.uleb128 0x3b
 1427 0040 0B       		.uleb128 0xb
 1428 0041 27       		.uleb128 0x27
 1429 0042 19       		.uleb128 0x19
 1430 0043 11       		.uleb128 0x11
 1431 0044 01       		.uleb128 0x1
 1432 0045 12       		.uleb128 0x12
 1433 0046 06       		.uleb128 0x6
 1434 0047 40       		.uleb128 0x40
 1435 0048 18       		.uleb128 0x18
 1436 0049 9742     		.uleb128 0x2117
 1437 004b 19       		.uleb128 0x19
 1438 004c 01       		.uleb128 0x1
 1439 004d 13       		.uleb128 0x13
 1440 004e 00       		.byte	0
 1441 004f 00       		.byte	0
 1442 0050 06       		.uleb128 0x6
 1443 0051 34       		.uleb128 0x34
 1444 0052 00       		.byte	0
 1445 0053 03       		.uleb128 0x3
 1446 0054 0E       		.uleb128 0xe
 1447 0055 3A       		.uleb128 0x3a
 1448 0056 0B       		.uleb128 0xb
 1449 0057 3B       		.uleb128 0x3b
 1450 0058 0B       		.uleb128 0xb
 1451 0059 49       		.uleb128 0x49
 1452 005a 13       		.uleb128 0x13
 1453 005b 02       		.uleb128 0x2
 1454 005c 17       		.uleb128 0x17
 1455 005d 00       		.byte	0
 1456 005e 00       		.byte	0
 1457 005f 07       		.uleb128 0x7
 1458 0060 0B       		.uleb128 0xb
 1459 0061 01       		.byte	0x1
 1460 0062 11       		.uleb128 0x11
 1461 0063 01       		.uleb128 0x1
 1462 0064 12       		.uleb128 0x12
 1463 0065 06       		.uleb128 0x6
 1464 0066 01       		.uleb128 0x1
 1465 0067 13       		.uleb128 0x13
 1466 0068 00       		.byte	0
 1467 0069 00       		.byte	0
 1468 006a 08       		.uleb128 0x8
 1469 006b 898201   		.uleb128 0x4109
 1470 006e 00       		.byte	0
 1471 006f 11       		.uleb128 0x11
 1472 0070 01       		.uleb128 0x1
 1473 0071 31       		.uleb128 0x31
 1474 0072 13       		.uleb128 0x13
 1475 0073 00       		.byte	0
ARM GAS  C:\Users\lundc\AppData\Local\Temp\ccvlrCYJ.s 			page 30


 1476 0074 00       		.byte	0
 1477 0075 09       		.uleb128 0x9
 1478 0076 05       		.uleb128 0x5
 1479 0077 00       		.byte	0
 1480 0078 03       		.uleb128 0x3
 1481 0079 0E       		.uleb128 0xe
 1482 007a 3A       		.uleb128 0x3a
 1483 007b 0B       		.uleb128 0xb
 1484 007c 3B       		.uleb128 0x3b
 1485 007d 0B       		.uleb128 0xb
 1486 007e 49       		.uleb128 0x49
 1487 007f 13       		.uleb128 0x13
 1488 0080 02       		.uleb128 0x2
 1489 0081 18       		.uleb128 0x18
 1490 0082 00       		.byte	0
 1491 0083 00       		.byte	0
 1492 0084 0A       		.uleb128 0xa
 1493 0085 2E       		.uleb128 0x2e
 1494 0086 01       		.byte	0x1
 1495 0087 3F       		.uleb128 0x3f
 1496 0088 19       		.uleb128 0x19
 1497 0089 03       		.uleb128 0x3
 1498 008a 0E       		.uleb128 0xe
 1499 008b 3A       		.uleb128 0x3a
 1500 008c 0B       		.uleb128 0xb
 1501 008d 3B       		.uleb128 0x3b
 1502 008e 0B       		.uleb128 0xb
 1503 008f 11       		.uleb128 0x11
 1504 0090 01       		.uleb128 0x1
 1505 0091 12       		.uleb128 0x12
 1506 0092 06       		.uleb128 0x6
 1507 0093 40       		.uleb128 0x40
 1508 0094 18       		.uleb128 0x18
 1509 0095 9742     		.uleb128 0x2117
 1510 0097 19       		.uleb128 0x19
 1511 0098 01       		.uleb128 0x1
 1512 0099 13       		.uleb128 0x13
 1513 009a 00       		.byte	0
 1514 009b 00       		.byte	0
 1515 009c 0B       		.uleb128 0xb
 1516 009d 898201   		.uleb128 0x4109
 1517 00a0 01       		.byte	0x1
 1518 00a1 11       		.uleb128 0x11
 1519 00a2 01       		.uleb128 0x1
 1520 00a3 31       		.uleb128 0x31
 1521 00a4 13       		.uleb128 0x13
 1522 00a5 01       		.uleb128 0x1
 1523 00a6 13       		.uleb128 0x13
 1524 00a7 00       		.byte	0
 1525 00a8 00       		.byte	0
 1526 00a9 0C       		.uleb128 0xc
 1527 00aa 8A8201   		.uleb128 0x410a
 1528 00ad 00       		.byte	0
 1529 00ae 02       		.uleb128 0x2
 1530 00af 18       		.uleb128 0x18
 1531 00b0 9142     		.uleb128 0x2111
 1532 00b2 18       		.uleb128 0x18
ARM GAS  C:\Users\lundc\AppData\Local\Temp\ccvlrCYJ.s 			page 31


 1533 00b3 00       		.byte	0
 1534 00b4 00       		.byte	0
 1535 00b5 0D       		.uleb128 0xd
 1536 00b6 898201   		.uleb128 0x4109
 1537 00b9 01       		.byte	0x1
 1538 00ba 11       		.uleb128 0x11
 1539 00bb 01       		.uleb128 0x1
 1540 00bc 31       		.uleb128 0x31
 1541 00bd 13       		.uleb128 0x13
 1542 00be 00       		.byte	0
 1543 00bf 00       		.byte	0
 1544 00c0 0E       		.uleb128 0xe
 1545 00c1 2E       		.uleb128 0x2e
 1546 00c2 01       		.byte	0x1
 1547 00c3 3F       		.uleb128 0x3f
 1548 00c4 19       		.uleb128 0x19
 1549 00c5 03       		.uleb128 0x3
 1550 00c6 0E       		.uleb128 0xe
 1551 00c7 3A       		.uleb128 0x3a
 1552 00c8 0B       		.uleb128 0xb
 1553 00c9 3B       		.uleb128 0x3b
 1554 00ca 0B       		.uleb128 0xb
 1555 00cb 27       		.uleb128 0x27
 1556 00cc 19       		.uleb128 0x19
 1557 00cd 49       		.uleb128 0x49
 1558 00ce 13       		.uleb128 0x13
 1559 00cf 11       		.uleb128 0x11
 1560 00d0 01       		.uleb128 0x1
 1561 00d1 12       		.uleb128 0x12
 1562 00d2 06       		.uleb128 0x6
 1563 00d3 40       		.uleb128 0x40
 1564 00d4 18       		.uleb128 0x18
 1565 00d5 9742     		.uleb128 0x2117
 1566 00d7 19       		.uleb128 0x19
 1567 00d8 01       		.uleb128 0x1
 1568 00d9 13       		.uleb128 0x13
 1569 00da 00       		.byte	0
 1570 00db 00       		.byte	0
 1571 00dc 0F       		.uleb128 0xf
 1572 00dd 34       		.uleb128 0x34
 1573 00de 00       		.byte	0
 1574 00df 03       		.uleb128 0x3
 1575 00e0 0E       		.uleb128 0xe
 1576 00e1 3A       		.uleb128 0x3a
 1577 00e2 0B       		.uleb128 0xb
 1578 00e3 3B       		.uleb128 0x3b
 1579 00e4 0B       		.uleb128 0xb
 1580 00e5 49       		.uleb128 0x49
 1581 00e6 13       		.uleb128 0x13
 1582 00e7 00       		.byte	0
 1583 00e8 00       		.byte	0
 1584 00e9 10       		.uleb128 0x10
 1585 00ea 2E       		.uleb128 0x2e
 1586 00eb 01       		.byte	0x1
 1587 00ec 3F       		.uleb128 0x3f
 1588 00ed 19       		.uleb128 0x19
 1589 00ee 03       		.uleb128 0x3
ARM GAS  C:\Users\lundc\AppData\Local\Temp\ccvlrCYJ.s 			page 32


 1590 00ef 0E       		.uleb128 0xe
 1591 00f0 3A       		.uleb128 0x3a
 1592 00f1 0B       		.uleb128 0xb
 1593 00f2 3B       		.uleb128 0x3b
 1594 00f3 0B       		.uleb128 0xb
 1595 00f4 27       		.uleb128 0x27
 1596 00f5 19       		.uleb128 0x19
 1597 00f6 11       		.uleb128 0x11
 1598 00f7 01       		.uleb128 0x1
 1599 00f8 12       		.uleb128 0x12
 1600 00f9 06       		.uleb128 0x6
 1601 00fa 40       		.uleb128 0x40
 1602 00fb 18       		.uleb128 0x18
 1603 00fc 9642     		.uleb128 0x2116
 1604 00fe 19       		.uleb128 0x19
 1605 00ff 01       		.uleb128 0x1
 1606 0100 13       		.uleb128 0x13
 1607 0101 00       		.byte	0
 1608 0102 00       		.byte	0
 1609 0103 11       		.uleb128 0x11
 1610 0104 05       		.uleb128 0x5
 1611 0105 00       		.byte	0
 1612 0106 03       		.uleb128 0x3
 1613 0107 0E       		.uleb128 0xe
 1614 0108 3A       		.uleb128 0x3a
 1615 0109 0B       		.uleb128 0xb
 1616 010a 3B       		.uleb128 0x3b
 1617 010b 0B       		.uleb128 0xb
 1618 010c 49       		.uleb128 0x49
 1619 010d 13       		.uleb128 0x13
 1620 010e 02       		.uleb128 0x2
 1621 010f 17       		.uleb128 0x17
 1622 0110 00       		.byte	0
 1623 0111 00       		.byte	0
 1624 0112 12       		.uleb128 0x12
 1625 0113 34       		.uleb128 0x34
 1626 0114 00       		.byte	0
 1627 0115 03       		.uleb128 0x3
 1628 0116 0E       		.uleb128 0xe
 1629 0117 3A       		.uleb128 0x3a
 1630 0118 0B       		.uleb128 0xb
 1631 0119 3B       		.uleb128 0x3b
 1632 011a 0B       		.uleb128 0xb
 1633 011b 49       		.uleb128 0x49
 1634 011c 13       		.uleb128 0x13
 1635 011d 02       		.uleb128 0x2
 1636 011e 18       		.uleb128 0x18
 1637 011f 00       		.byte	0
 1638 0120 00       		.byte	0
 1639 0121 13       		.uleb128 0x13
 1640 0122 01       		.uleb128 0x1
 1641 0123 01       		.byte	0x1
 1642 0124 49       		.uleb128 0x49
 1643 0125 13       		.uleb128 0x13
 1644 0126 01       		.uleb128 0x1
 1645 0127 13       		.uleb128 0x13
 1646 0128 00       		.byte	0
ARM GAS  C:\Users\lundc\AppData\Local\Temp\ccvlrCYJ.s 			page 33


 1647 0129 00       		.byte	0
 1648 012a 14       		.uleb128 0x14
 1649 012b 21       		.uleb128 0x21
 1650 012c 00       		.byte	0
 1651 012d 49       		.uleb128 0x49
 1652 012e 13       		.uleb128 0x13
 1653 012f 2F       		.uleb128 0x2f
 1654 0130 0B       		.uleb128 0xb
 1655 0131 00       		.byte	0
 1656 0132 00       		.byte	0
 1657 0133 15       		.uleb128 0x15
 1658 0134 2E       		.uleb128 0x2e
 1659 0135 01       		.byte	0x1
 1660 0136 3F       		.uleb128 0x3f
 1661 0137 19       		.uleb128 0x19
 1662 0138 03       		.uleb128 0x3
 1663 0139 0E       		.uleb128 0xe
 1664 013a 3A       		.uleb128 0x3a
 1665 013b 0B       		.uleb128 0xb
 1666 013c 3B       		.uleb128 0x3b
 1667 013d 0B       		.uleb128 0xb
 1668 013e 27       		.uleb128 0x27
 1669 013f 19       		.uleb128 0x19
 1670 0140 49       		.uleb128 0x49
 1671 0141 13       		.uleb128 0x13
 1672 0142 8701     		.uleb128 0x87
 1673 0144 19       		.uleb128 0x19
 1674 0145 11       		.uleb128 0x11
 1675 0146 01       		.uleb128 0x1
 1676 0147 12       		.uleb128 0x12
 1677 0148 06       		.uleb128 0x6
 1678 0149 40       		.uleb128 0x40
 1679 014a 18       		.uleb128 0x18
 1680 014b 9742     		.uleb128 0x2117
 1681 014d 19       		.uleb128 0x19
 1682 014e 01       		.uleb128 0x1
 1683 014f 13       		.uleb128 0x13
 1684 0150 00       		.byte	0
 1685 0151 00       		.byte	0
 1686 0152 16       		.uleb128 0x16
 1687 0153 34       		.uleb128 0x34
 1688 0154 00       		.byte	0
 1689 0155 03       		.uleb128 0x3
 1690 0156 0E       		.uleb128 0xe
 1691 0157 3A       		.uleb128 0x3a
 1692 0158 0B       		.uleb128 0xb
 1693 0159 3B       		.uleb128 0x3b
 1694 015a 05       		.uleb128 0x5
 1695 015b 49       		.uleb128 0x49
 1696 015c 13       		.uleb128 0x13
 1697 015d 3F       		.uleb128 0x3f
 1698 015e 19       		.uleb128 0x19
 1699 015f 3C       		.uleb128 0x3c
 1700 0160 19       		.uleb128 0x19
 1701 0161 00       		.byte	0
 1702 0162 00       		.byte	0
 1703 0163 17       		.uleb128 0x17
ARM GAS  C:\Users\lundc\AppData\Local\Temp\ccvlrCYJ.s 			page 34


 1704 0164 35       		.uleb128 0x35
 1705 0165 00       		.byte	0
 1706 0166 49       		.uleb128 0x49
 1707 0167 13       		.uleb128 0x13
 1708 0168 00       		.byte	0
 1709 0169 00       		.byte	0
 1710 016a 18       		.uleb128 0x18
 1711 016b 34       		.uleb128 0x34
 1712 016c 00       		.byte	0
 1713 016d 03       		.uleb128 0x3
 1714 016e 0E       		.uleb128 0xe
 1715 016f 3A       		.uleb128 0x3a
 1716 0170 0B       		.uleb128 0xb
 1717 0171 3B       		.uleb128 0x3b
 1718 0172 0B       		.uleb128 0xb
 1719 0173 49       		.uleb128 0x49
 1720 0174 13       		.uleb128 0x13
 1721 0175 3F       		.uleb128 0x3f
 1722 0176 19       		.uleb128 0x19
 1723 0177 02       		.uleb128 0x2
 1724 0178 18       		.uleb128 0x18
 1725 0179 00       		.byte	0
 1726 017a 00       		.byte	0
 1727 017b 19       		.uleb128 0x19
 1728 017c 26       		.uleb128 0x26
 1729 017d 00       		.byte	0
 1730 017e 49       		.uleb128 0x49
 1731 017f 13       		.uleb128 0x13
 1732 0180 00       		.byte	0
 1733 0181 00       		.byte	0
 1734 0182 1A       		.uleb128 0x1a
 1735 0183 2E       		.uleb128 0x2e
 1736 0184 00       		.byte	0
 1737 0185 3F       		.uleb128 0x3f
 1738 0186 19       		.uleb128 0x19
 1739 0187 3C       		.uleb128 0x3c
 1740 0188 19       		.uleb128 0x19
 1741 0189 6E       		.uleb128 0x6e
 1742 018a 0E       		.uleb128 0xe
 1743 018b 03       		.uleb128 0x3
 1744 018c 0E       		.uleb128 0xe
 1745 018d 3A       		.uleb128 0x3a
 1746 018e 0B       		.uleb128 0xb
 1747 018f 3B       		.uleb128 0x3b
 1748 0190 0B       		.uleb128 0xb
 1749 0191 00       		.byte	0
 1750 0192 00       		.byte	0
 1751 0193 00       		.byte	0
 1752              		.section	.debug_loc,"",%progbits
 1753              	.Ldebug_loc0:
 1754              	.LLST0:
 1755 0000 08000000 		.4byte	.LVL1
 1756 0004 14000000 		.4byte	.LVL4
 1757 0008 0100     		.2byte	0x1
 1758 000a 54       		.byte	0x54
 1759 000b 16000000 		.4byte	.LVL5
 1760 000f 1C000000 		.4byte	.LFE65
ARM GAS  C:\Users\lundc\AppData\Local\Temp\ccvlrCYJ.s 			page 35


 1761 0013 0100     		.2byte	0x1
 1762 0015 54       		.byte	0x54
 1763 0016 00000000 		.4byte	0
 1764 001a 00000000 		.4byte	0
 1765              	.LLST1:
 1766 001e 0E000000 		.4byte	.LVL2
 1767 0022 11000000 		.4byte	.LVL3-1
 1768 0026 0100     		.2byte	0x1
 1769 0028 50       		.byte	0x50
 1770 0029 00000000 		.4byte	0
 1771 002d 00000000 		.4byte	0
 1772              	.LLST2:
 1773 0031 00000000 		.4byte	.LVL15
 1774 0035 07000000 		.4byte	.LVL16-1
 1775 0039 0100     		.2byte	0x1
 1776 003b 50       		.byte	0x50
 1777 003c 07000000 		.4byte	.LVL16-1
 1778 0040 28000000 		.4byte	.LFE69
 1779 0044 0600     		.2byte	0x6
 1780 0046 F3       		.byte	0xf3
 1781 0047 03       		.uleb128 0x3
 1782 0048 F5       		.byte	0xf5
 1783 0049 00       		.uleb128 0
 1784 004a 25       		.uleb128 0x25
 1785 004b 9F       		.byte	0x9f
 1786 004c 00000000 		.4byte	0
 1787 0050 00000000 		.4byte	0
 1788              	.LLST3:
 1789 0054 00000000 		.4byte	.LVL19
 1790 0058 09000000 		.4byte	.LVL20-1
 1791 005c 0100     		.2byte	0x1
 1792 005e 50       		.byte	0x50
 1793 005f 09000000 		.4byte	.LVL20-1
 1794 0063 80000000 		.4byte	.LVL37
 1795 0067 0100     		.2byte	0x1
 1796 0069 55       		.byte	0x55
 1797 006a 80000000 		.4byte	.LVL37
 1798 006e 90000000 		.4byte	.LFE70
 1799 0072 0600     		.2byte	0x6
 1800 0074 F3       		.byte	0xf3
 1801 0075 03       		.uleb128 0x3
 1802 0076 F5       		.byte	0xf5
 1803 0077 00       		.uleb128 0
 1804 0078 25       		.uleb128 0x25
 1805 0079 9F       		.byte	0x9f
 1806 007a 00000000 		.4byte	0
 1807 007e 00000000 		.4byte	0
 1808              		.section	.debug_aranges,"",%progbits
 1809 0000 5C000000 		.4byte	0x5c
 1810 0004 0200     		.2byte	0x2
 1811 0006 00000000 		.4byte	.Ldebug_info0
 1812 000a 04       		.byte	0x4
 1813 000b 00       		.byte	0
 1814 000c 0000     		.2byte	0
 1815 000e 0000     		.2byte	0
 1816 0010 00000000 		.4byte	.LFB65
 1817 0014 1C000000 		.4byte	.LFE65-.LFB65
ARM GAS  C:\Users\lundc\AppData\Local\Temp\ccvlrCYJ.s 			page 36


 1818 0018 00000000 		.4byte	.LFB66
 1819 001c 02000000 		.4byte	.LFE66-.LFB66
 1820 0020 00000000 		.4byte	.LFB67
 1821 0024 28000000 		.4byte	.LFE67-.LFB67
 1822 0028 00000000 		.4byte	.LFB68
 1823 002c 1C000000 		.4byte	.LFE68-.LFB68
 1824 0030 00000000 		.4byte	.LFB69
 1825 0034 28000000 		.4byte	.LFE69-.LFB69
 1826 0038 00000000 		.4byte	.LFB70
 1827 003c 90000000 		.4byte	.LFE70-.LFB70
 1828 0040 00000000 		.4byte	.LFB64
 1829 0044 28000000 		.4byte	.LFE64-.LFB64
 1830 0048 00000000 		.4byte	.LFB71
 1831 004c 4C000000 		.4byte	.LFE71-.LFB71
 1832 0050 00000000 		.4byte	.LFB72
 1833 0054 24000000 		.4byte	.LFE72-.LFB72
 1834 0058 00000000 		.4byte	0
 1835 005c 00000000 		.4byte	0
 1836              		.section	.debug_ranges,"",%progbits
 1837              	.Ldebug_ranges0:
 1838 0000 00000000 		.4byte	.LFB65
 1839 0004 1C000000 		.4byte	.LFE65
 1840 0008 00000000 		.4byte	.LFB66
 1841 000c 02000000 		.4byte	.LFE66
 1842 0010 00000000 		.4byte	.LFB67
 1843 0014 28000000 		.4byte	.LFE67
 1844 0018 00000000 		.4byte	.LFB68
 1845 001c 1C000000 		.4byte	.LFE68
 1846 0020 00000000 		.4byte	.LFB69
 1847 0024 28000000 		.4byte	.LFE69
 1848 0028 00000000 		.4byte	.LFB70
 1849 002c 90000000 		.4byte	.LFE70
 1850 0030 00000000 		.4byte	.LFB64
 1851 0034 28000000 		.4byte	.LFE64
 1852 0038 00000000 		.4byte	.LFB71
 1853 003c 4C000000 		.4byte	.LFE71
 1854 0040 00000000 		.4byte	.LFB72
 1855 0044 24000000 		.4byte	.LFE72
 1856 0048 00000000 		.4byte	0
 1857 004c 00000000 		.4byte	0
 1858              		.section	.debug_line,"",%progbits
 1859              	.Ldebug_line0:
 1860 0000 DD020000 		.section	.debug_str,"MS",%progbits,1
 1860      02000302 
 1860      00000201 
 1860      FB0E0D00 
 1860      01010101 
 1861              	.LASF36:
 1862 0000 6973725F 		.ascii	"isr_uart_rx_StartEx\000"
 1862      75617274 
 1862      5F72785F 
 1862      53746172 
 1862      74457800 
 1863              	.LASF48:
 1864 0014 6766785F 		.ascii	"gfx_setTextSize\000"
 1864      73657454 
 1864      65787453 
ARM GAS  C:\Users\lundc\AppData\Local\Temp\ccvlrCYJ.s 			page 37


 1864      697A6500 
 1865              	.LASF4:
 1866 0024 5F5F7569 		.ascii	"__uint8_t\000"
 1866      6E74385F 
 1866      7400
 1867              	.LASF26:
 1868 002e 75617274 		.ascii	"uartBuffer\000"
 1868      42756666 
 1868      657200
 1869              	.LASF7:
 1870 0039 5F5F696E 		.ascii	"__int32_t\000"
 1870      7433325F 
 1870      7400
 1871              	.LASF24:
 1872 0043 7072696E 		.ascii	"printTerminal\000"
 1872      74546572 
 1872      6D696E61 
 1872      6C00
 1873              	.LASF6:
 1874 0051 73686F72 		.ascii	"short unsigned int\000"
 1874      7420756E 
 1874      7369676E 
 1874      65642069 
 1874      6E7400
 1875              	.LASF25:
 1876 0064 72657333 		.ascii	"res32\000"
 1876      3200
 1877              	.LASF30:
 1878 006a 636C6561 		.ascii	"clearTerminal\000"
 1878      72546572 
 1878      6D696E61 
 1878      6C00
 1879              	.LASF20:
 1880 0078 62797465 		.ascii	"bytesToRead\000"
 1880      73546F52 
 1880      65616400 
 1881              	.LASF57:
 1882 0084 696E6974 		.ascii	"initProject\000"
 1882      50726F6A 
 1882      65637400 
 1883              	.LASF46:
 1884 0090 64697370 		.ascii	"display_clear\000"
 1884      6C61795F 
 1884      636C6561 
 1884      7200
 1885              	.LASF0:
 1886 009e 666C6F61 		.ascii	"float\000"
 1886      7400
 1887              	.LASF43:
 1888 00a4 4144435F 		.ascii	"ADC_SAR_1_IsEndConversion\000"
 1888      5341525F 
 1888      315F4973 
 1888      456E6443 
 1888      6F6E7665 
 1889              	.LASF21:
 1890 00be 62797465 		.ascii	"byteReceived\000"
 1890      52656365 
ARM GAS  C:\Users\lundc\AppData\Local\Temp\ccvlrCYJ.s 			page 38


 1890      69766564 
 1890      00
 1891              	.LASF29:
 1892 00cb 73746172 		.ascii	"startMessage\000"
 1892      744D6573 
 1892      73616765 
 1892      00
 1893              	.LASF49:
 1894 00d8 6766785F 		.ascii	"gfx_setTextColor\000"
 1894      73657454 
 1894      65787443 
 1894      6F6C6F72 
 1894      00
 1895              	.LASF2:
 1896 00e9 756E7369 		.ascii	"unsigned char\000"
 1896      676E6564 
 1896      20636861 
 1896      7200
 1897              	.LASF54:
 1898 00f7 474E5520 		.ascii	"GNU C11 5.4.1 20160609 (release) [ARM/embedded-5-br"
 1898      43313120 
 1898      352E342E 
 1898      31203230 
 1898      31363036 
 1899 012a 616E6368 		.ascii	"anch revision 237715] -mcpu=cortex-m3 -mthumb -g -O"
 1899      20726576 
 1899      6973696F 
 1899      6E203233 
 1899      37373135 
 1900 015d 67202D66 		.ascii	"g -ffunction-sections -ffat-lto-objects\000"
 1900      66756E63 
 1900      74696F6E 
 1900      2D736563 
 1900      74696F6E 
 1901              	.LASF34:
 1902 0185 55415254 		.ascii	"UART_1_WriteTxData\000"
 1902      5F315F57 
 1902      72697465 
 1902      54784461 
 1902      746100
 1903              	.LASF22:
 1904 0198 4953525F 		.ascii	"ISR_UART_rx_handler\000"
 1904      55415254 
 1904      5F72785F 
 1904      68616E64 
 1904      6C657200 
 1905              	.LASF9:
 1906 01ac 6C6F6E67 		.ascii	"long unsigned int\000"
 1906      20756E73 
 1906      69676E65 
 1906      6420696E 
 1906      7400
 1907              	.LASF33:
 1908 01be 55415254 		.ascii	"UART_1_ReadRxData\000"
 1908      5F315F52 
 1908      65616452 
 1908      78446174 
ARM GAS  C:\Users\lundc\AppData\Local\Temp\ccvlrCYJ.s 			page 39


 1908      6100
 1909              	.LASF39:
 1910 01d0 4144435F 		.ascii	"ADC_SAR_1_StartConvert\000"
 1910      5341525F 
 1910      315F5374 
 1910      61727443 
 1910      6F6E7665 
 1911              	.LASF44:
 1912 01e7 736E7072 		.ascii	"snprintf\000"
 1912      696E7466 
 1912      00
 1913              	.LASF58:
 1914 01f0 636F6E76 		.ascii	"convertV2F\000"
 1914      65727456 
 1914      324600
 1915              	.LASF31:
 1916 01fb 49544D5F 		.ascii	"ITM_RxBuffer\000"
 1916      52784275 
 1916      66666572 
 1916      00
 1917              	.LASF50:
 1918 0208 6766785F 		.ascii	"gfx_setCursor\000"
 1918      73657443 
 1918      7572736F 
 1918      7200
 1919              	.LASF5:
 1920 0216 5F5F7569 		.ascii	"__uint16_t\000"
 1920      6E743136 
 1920      5F7400
 1921              	.LASF16:
 1922 0221 646F7562 		.ascii	"double\000"
 1922      6C6500
 1923              	.LASF56:
 1924 0228 433A5C61 		.ascii	"C:\\au\\gsv\\lab3\\Scale.cydsn\000"
 1924      755C6773 
 1924      765C6C61 
 1924      62335C53 
 1924      63616C65 
 1925              	.LASF60:
 1926 0243 6D61696E 		.ascii	"main\000"
 1926      00
 1927              	.LASF47:
 1928 0248 64697370 		.ascii	"display_update\000"
 1928      6C61795F 
 1928      75706461 
 1928      746500
 1929              	.LASF23:
 1930 0257 68616E64 		.ascii	"handleByteReceived\000"
 1930      6C654279 
 1930      74655265 
 1930      63656976 
 1930      656400
 1931              	.LASF32:
 1932 026a 61646472 		.ascii	"addressOLED\000"
 1932      6573734F 
 1932      4C454400 
 1933              	.LASF12:
ARM GAS  C:\Users\lundc\AppData\Local\Temp\ccvlrCYJ.s 			page 40


 1934 0276 756E7369 		.ascii	"unsigned int\000"
 1934      676E6564 
 1934      20696E74 
 1934      00
 1935              	.LASF40:
 1936 0283 4932434F 		.ascii	"I2COLED_Start\000"
 1936      4C45445F 
 1936      53746172 
 1936      7400
 1937              	.LASF11:
 1938 0291 6C6F6E67 		.ascii	"long long unsigned int\000"
 1938      206C6F6E 
 1938      6720756E 
 1938      7369676E 
 1938      65642069 
 1939              	.LASF13:
 1940 02a8 75696E74 		.ascii	"uint8_t\000"
 1940      385F7400 
 1941              	.LASF35:
 1942 02b0 55415254 		.ascii	"UART_1_GetRxBufferSize\000"
 1942      5F315F47 
 1942      65745278 
 1942      42756666 
 1942      65725369 
 1943              	.LASF59:
 1944 02c7 72657375 		.ascii	"result\000"
 1944      6C7400
 1945              	.LASF28:
 1946 02ce 6F757470 		.ascii	"outputBuffer\000"
 1946      75744275 
 1946      66666572 
 1946      00
 1947              	.LASF15:
 1948 02db 696E7433 		.ascii	"int32_t\000"
 1948      325F7400 
 1949              	.LASF19:
 1950 02e3 73697A65 		.ascii	"sizetype\000"
 1950      74797065 
 1950      00
 1951              	.LASF42:
 1952 02ec 4144435F 		.ascii	"ADC_SAR_1_GetResult16\000"
 1952      5341525F 
 1952      315F4765 
 1952      74526573 
 1952      756C7431 
 1953              	.LASF10:
 1954 0302 6C6F6E67 		.ascii	"long long int\000"
 1954      206C6F6E 
 1954      6720696E 
 1954      7400
 1955              	.LASF55:
 1956 0310 6D61696E 		.ascii	"main.c\000"
 1956      2E6300
 1957              	.LASF17:
 1958 0317 63686172 		.ascii	"char\000"
 1958      00
 1959              	.LASF3:
ARM GAS  C:\Users\lundc\AppData\Local\Temp\ccvlrCYJ.s 			page 41


 1960 031c 73686F72 		.ascii	"short int\000"
 1960      7420696E 
 1960      7400
 1961              	.LASF14:
 1962 0326 75696E74 		.ascii	"uint16_t\000"
 1962      31365F74 
 1962      00
 1963              	.LASF51:
 1964 032f 6766785F 		.ascii	"gfx_print\000"
 1964      7072696E 
 1964      7400
 1965              	.LASF8:
 1966 0339 6C6F6E67 		.ascii	"long int\000"
 1966      20696E74 
 1966      00
 1967              	.LASF41:
 1968 0342 64697370 		.ascii	"display_init\000"
 1968      6C61795F 
 1968      696E6974 
 1968      00
 1969              	.LASF18:
 1970 034f 6C6F6E67 		.ascii	"long double\000"
 1970      20646F75 
 1970      626C6500 
 1971              	.LASF1:
 1972 035b 7369676E 		.ascii	"signed char\000"
 1972      65642063 
 1972      68617200 
 1973              	.LASF38:
 1974 0367 4144435F 		.ascii	"ADC_SAR_1_Start\000"
 1974      5341525F 
 1974      315F5374 
 1974      61727400 
 1975              	.LASF37:
 1976 0377 55415254 		.ascii	"UART_1_Start\000"
 1976      5F315F53 
 1976      74617274 
 1976      00
 1977              	.LASF45:
 1978 0384 55415254 		.ascii	"UART_1_PutString\000"
 1978      5F315F50 
 1978      75745374 
 1978      72696E67 
 1978      00
 1979              	.LASF53:
 1980 0395 73707269 		.ascii	"sprintf\000"
 1980      6E746600 
 1981              	.LASF52:
 1982 039d 43794465 		.ascii	"CyDelay\000"
 1982      6C617900 
 1983              	.LASF27:
 1984 03a5 7072696E 		.ascii	"printOLED\000"
 1984      744F4C45 
 1984      4400
 1985              		.ident	"GCC: (GNU Tools for ARM Embedded Processors) 5.4.1 20160609 (release) [ARM/embedded-5-bran
